mode: set
github.com/ngq/gorp/framework/provider/app/provider.go:64.30,64.52 1 1
github.com/ngq/gorp/framework/provider/app/provider.go:69.34,69.50 1 1
github.com/ngq/gorp/framework/provider/app/provider.go:74.35,74.51 1 1
github.com/ngq/gorp/framework/provider/app/provider.go:79.40,79.84 1 1
github.com/ngq/gorp/framework/provider/app/provider.go:84.64,85.64 1 1
github.com/ngq/gorp/framework/provider/app/provider.go:85.64,87.17 2 1
github.com/ngq/gorp/framework/provider/app/provider.go:87.17,89.4 1 0
github.com/ngq/gorp/framework/provider/app/provider.go:91.3,98.17 8 1
github.com/ngq/gorp/framework/provider/app/provider.go:98.17,105.4 6 1
github.com/ngq/gorp/framework/provider/app/provider.go:107.3,120.9 7 1
github.com/ngq/gorp/framework/provider/app/provider.go:122.2,122.12 1 1
github.com/ngq/gorp/framework/provider/app/provider.go:128.58,128.72 1 1
github.com/ngq/gorp/framework/provider/app/provider.go:139.40,139.57 1 1
github.com/ngq/gorp/framework/provider/app/provider.go:140.40,140.60 1 1
github.com/ngq/gorp/framework/provider/app/provider.go:141.40,141.60 1 1
github.com/ngq/gorp/framework/provider/app/provider.go:142.40,142.56 1 1
github.com/ngq/gorp/framework/provider/app/provider.go:143.40,143.59 1 0
github.com/ngq/gorp/framework/provider/app/provider.go:144.40,144.57 1 0
github.com/ngq/gorp/framework/provider/app/provider.go:146.65,147.39 1 1
github.com/ngq/gorp/framework/provider/app/provider.go:147.39,149.3 1 1
github.com/ngq/gorp/framework/provider/app/provider.go:150.2,151.16 2 1
github.com/ngq/gorp/framework/provider/app/provider.go:151.16,153.3 1 0
github.com/ngq/gorp/framework/provider/app/provider.go:154.2,155.12 2 1
github.com/ngq/gorp/framework/provider/app/provider.go:158.59,161.22 1 1
github.com/ngq/gorp/framework/provider/app/provider.go:161.22,163.3 1 1
github.com/ngq/gorp/framework/provider/app/provider.go:164.2,164.57 1 1
github.com/ngq/gorp/framework/provider/app/provider.go:164.57,166.3 1 0
github.com/ngq/gorp/framework/provider/app/provider.go:167.2,167.27 1 1
github.com/ngq/gorp/framework/provider/app/provider.go:170.77,171.17 1 1
github.com/ngq/gorp/framework/provider/app/provider.go:171.17,173.3 1 1
github.com/ngq/gorp/framework/provider/app/provider.go:174.2,174.27 1 1
github.com/ngq/gorp/framework/provider/app/provider.go:174.27,176.3 1 0
github.com/ngq/gorp/framework/provider/app/provider.go:177.2,177.59 1 1
github.com/ngq/gorp/framework/provider/auth/jwt/gin_middleware.go:57.47,59.59 2 1
github.com/ngq/gorp/framework/provider/auth/jwt/gin_middleware.go:59.59,61.3 1 1
github.com/ngq/gorp/framework/provider/auth/jwt/gin_middleware.go:62.2,62.81 1 1
github.com/ngq/gorp/framework/provider/auth/jwt/gin_middleware.go:78.118,79.80 1 1
github.com/ngq/gorp/framework/provider/auth/jwt/gin_middleware.go:79.80,80.48 1 1
github.com/ngq/gorp/framework/provider/auth/jwt/gin_middleware.go:80.48,81.21 1 1
github.com/ngq/gorp/framework/provider/auth/jwt/gin_middleware.go:81.21,84.5 2 1
github.com/ngq/gorp/framework/provider/auth/jwt/gin_middleware.go:85.4,86.19 2 1
github.com/ngq/gorp/framework/provider/auth/jwt/gin_middleware.go:86.19,89.5 2 1
github.com/ngq/gorp/framework/provider/auth/jwt/gin_middleware.go:90.4,91.18 2 1
github.com/ngq/gorp/framework/provider/auth/jwt/gin_middleware.go:91.18,94.5 2 1
github.com/ngq/gorp/framework/provider/auth/jwt/gin_middleware.go:95.4,95.78 1 1
github.com/ngq/gorp/framework/provider/auth/jwt/gin_middleware.go:95.78,98.5 2 1
github.com/ngq/gorp/framework/provider/auth/jwt/gin_middleware.go:99.4,104.19 6 1
github.com/ngq/gorp/framework/provider/auth/jwt/gin_middleware.go:104.19,106.5 1 1
github.com/ngq/gorp/framework/provider/auth/jwt/gin_middleware.go:114.57,115.14 1 1
github.com/ngq/gorp/framework/provider/auth/jwt/gin_middleware.go:115.14,117.3 1 1
github.com/ngq/gorp/framework/provider/auth/jwt/gin_middleware.go:118.2,119.8 2 0
github.com/ngq/gorp/framework/provider/auth/jwt/gin_middleware.go:119.8,122.3 2 0
github.com/ngq/gorp/framework/provider/auth/jwt/gin_middleware.go:123.2,123.22 1 0
github.com/ngq/gorp/framework/provider/auth/jwt/gin_middleware.go:123.22,125.3 1 0
github.com/ngq/gorp/framework/provider/auth/jwt/gin_middleware.go:126.2,126.67 1 0
github.com/ngq/gorp/framework/provider/auth/jwt/gin_middleware.go:132.88,134.2 1 1
github.com/ngq/gorp/framework/provider/auth/jwt/gin_middleware.go:139.69,141.2 1 1
github.com/ngq/gorp/framework/provider/auth/jwt/gin_middleware.go:146.72,148.2 1 1
github.com/ngq/gorp/framework/provider/auth/jwt/helpers.go:22.82,24.2 1 0
github.com/ngq/gorp/framework/provider/auth/jwt/helpers.go:33.58,34.16 1 1
github.com/ngq/gorp/framework/provider/auth/jwt/helpers.go:34.16,36.3 1 0
github.com/ngq/gorp/framework/provider/auth/jwt/helpers.go:37.2,38.18 2 1
github.com/ngq/gorp/framework/provider/auth/jwt/helpers.go:38.18,40.3 1 1
github.com/ngq/gorp/framework/provider/auth/jwt/helpers.go:41.2,41.60 1 1
github.com/ngq/gorp/framework/provider/auth/jwt/jwt_service.go:40.65,42.2 1 1
github.com/ngq/gorp/framework/provider/auth/jwt/jwt_service.go:54.78,55.20 1 1
github.com/ngq/gorp/framework/provider/auth/jwt/jwt_service.go:55.20,57.3 1 1
github.com/ngq/gorp/framework/provider/auth/jwt/jwt_service.go:58.2,59.16 2 1
github.com/ngq/gorp/framework/provider/auth/jwt/jwt_service.go:59.16,61.3 1 0
github.com/ngq/gorp/framework/provider/auth/jwt/jwt_service.go:62.2,63.16 2 1
github.com/ngq/gorp/framework/provider/auth/jwt/jwt_service.go:63.16,65.3 1 0
github.com/ngq/gorp/framework/provider/auth/jwt/jwt_service.go:66.2,70.57 5 1
github.com/ngq/gorp/framework/provider/auth/jwt/jwt_service.go:70.57,72.3 1 0
github.com/ngq/gorp/framework/provider/auth/jwt/jwt_service.go:73.2,74.44 2 1
github.com/ngq/gorp/framework/provider/auth/jwt/jwt_service.go:84.80,85.20 1 1
github.com/ngq/gorp/framework/provider/auth/jwt/jwt_service.go:85.20,87.3 1 1
github.com/ngq/gorp/framework/provider/auth/jwt/jwt_service.go:88.2,89.21 2 1
github.com/ngq/gorp/framework/provider/auth/jwt/jwt_service.go:89.21,91.3 1 1
github.com/ngq/gorp/framework/provider/auth/jwt/jwt_service.go:92.2,94.57 3 1
github.com/ngq/gorp/framework/provider/auth/jwt/jwt_service.go:94.57,96.3 1 0
github.com/ngq/gorp/framework/provider/auth/jwt/jwt_service.go:97.2,99.16 3 1
github.com/ngq/gorp/framework/provider/auth/jwt/jwt_service.go:99.16,101.3 1 0
github.com/ngq/gorp/framework/provider/auth/jwt/jwt_service.go:102.2,102.38 1 1
github.com/ngq/gorp/framework/provider/auth/jwt/jwt_service.go:102.38,104.3 1 1
github.com/ngq/gorp/framework/provider/auth/jwt/jwt_service.go:105.2,106.16 2 1
github.com/ngq/gorp/framework/provider/auth/jwt/jwt_service.go:106.16,108.3 1 0
github.com/ngq/gorp/framework/provider/auth/jwt/jwt_service.go:109.2,110.57 2 1
github.com/ngq/gorp/framework/provider/auth/jwt/jwt_service.go:110.57,112.3 1 0
github.com/ngq/gorp/framework/provider/auth/jwt/jwt_service.go:113.2,113.68 1 1
github.com/ngq/gorp/framework/provider/auth/jwt/jwt_service.go:113.68,115.3 1 1
github.com/ngq/gorp/framework/provider/auth/jwt/jwt_service.go:116.2,116.21 1 1
github.com/ngq/gorp/framework/provider/auth/jwt/jwt_service.go:124.143,126.21 2 1
github.com/ngq/gorp/framework/provider/auth/jwt/jwt_service.go:126.21,128.3 1 0
github.com/ngq/gorp/framework/provider/auth/jwt/jwt_service.go:129.2,138.3 1 1
github.com/ngq/gorp/framework/provider/auth/jwt/provider.go:44.30,44.52 1 1
github.com/ngq/gorp/framework/provider/auth/jwt/provider.go:49.34,49.55 1 1
github.com/ngq/gorp/framework/provider/auth/jwt/provider.go:54.35,54.50 1 1
github.com/ngq/gorp/framework/provider/auth/jwt/provider.go:59.40,61.2 1 1
github.com/ngq/gorp/framework/provider/auth/jwt/provider.go:70.64,71.85 1 1
github.com/ngq/gorp/framework/provider/auth/jwt/provider.go:71.85,73.17 2 1
github.com/ngq/gorp/framework/provider/auth/jwt/provider.go:73.17,75.4 1 0
github.com/ngq/gorp/framework/provider/auth/jwt/provider.go:77.3,78.10 2 1
github.com/ngq/gorp/framework/provider/auth/jwt/provider.go:78.10,80.4 1 0
github.com/ngq/gorp/framework/provider/auth/jwt/provider.go:82.3,83.19 2 1
github.com/ngq/gorp/framework/provider/auth/jwt/provider.go:83.19,85.4 1 1
github.com/ngq/gorp/framework/provider/auth/jwt/provider.go:87.3,88.19 2 1
github.com/ngq/gorp/framework/provider/auth/jwt/provider.go:88.19,90.4 1 1
github.com/ngq/gorp/framework/provider/auth/jwt/provider.go:92.3,93.54 2 1
github.com/ngq/gorp/framework/provider/auth/jwt/provider.go:96.2,96.12 1 1
github.com/ngq/gorp/framework/provider/auth/jwt/provider.go:102.60,104.2 1 1
github.com/ngq/gorp/framework/provider/dlock/noop/provider.go:27.30,27.52 1 1
github.com/ngq/gorp/framework/provider/dlock/noop/provider.go:32.34,32.57 1 1
github.com/ngq/gorp/framework/provider/dlock/noop/provider.go:37.35,37.50 1 1
github.com/ngq/gorp/framework/provider/dlock/noop/provider.go:42.40,42.92 1 1
github.com/ngq/gorp/framework/provider/dlock/noop/provider.go:47.64,48.89 1 0
github.com/ngq/gorp/framework/provider/dlock/noop/provider.go:48.89,50.3 1 0
github.com/ngq/gorp/framework/provider/dlock/noop/provider.go:51.2,51.12 1 0
github.com/ngq/gorp/framework/provider/dlock/noop/provider.go:57.58,57.72 1 0
github.com/ngq/gorp/framework/provider/dlock/noop/provider.go:71.83,74.9 3 1
github.com/ngq/gorp/framework/provider/dlock/noop/provider.go:75.20,76.19 1 0
github.com/ngq/gorp/framework/provider/dlock/noop/provider.go:77.10,77.10 0 1
github.com/ngq/gorp/framework/provider/dlock/noop/provider.go:79.2,80.12 2 1
github.com/ngq/gorp/framework/provider/dlock/noop/provider.go:86.94,91.12 4 1
github.com/ngq/gorp/framework/provider/dlock/noop/provider.go:91.12,94.3 2 1
github.com/ngq/gorp/framework/provider/dlock/noop/provider.go:96.2,96.9 1 1
github.com/ngq/gorp/framework/provider/dlock/noop/provider.go:97.16,98.19 1 1
github.com/ngq/gorp/framework/provider/dlock/noop/provider.go:99.20,100.26 1 0
github.com/ngq/gorp/framework/provider/dlock/noop/provider.go:107.66,109.39 2 1
github.com/ngq/gorp/framework/provider/dlock/noop/provider.go:109.39,111.3 1 1
github.com/ngq/gorp/framework/provider/dlock/noop/provider.go:112.2,112.12 1 1
github.com/ngq/gorp/framework/provider/dlock/noop/provider.go:118.84,123.2 4 0
github.com/ngq/gorp/framework/provider/dlock/noop/provider.go:128.76,132.12 3 0
github.com/ngq/gorp/framework/provider/dlock/noop/provider.go:132.12,133.21 1 0
github.com/ngq/gorp/framework/provider/dlock/noop/provider.go:133.21,136.4 2 0
github.com/ngq/gorp/framework/provider/dlock/noop/provider.go:136.9,138.4 1 0
github.com/ngq/gorp/framework/provider/dlock/noop/provider.go:141.2,141.9 1 0
github.com/ngq/gorp/framework/provider/dlock/noop/provider.go:142.26,143.21 1 0
github.com/ngq/gorp/framework/provider/dlock/noop/provider.go:144.20,145.26 1 0
github.com/ngq/gorp/framework/provider/dlock/noop/provider.go:152.104,153.46 1 1
github.com/ngq/gorp/framework/provider/dlock/noop/provider.go:153.46,155.3 1 0
github.com/ngq/gorp/framework/provider/dlock/noop/provider.go:156.2,157.13 2 1
github.com/ngq/gorp/framework/provider/dlock/noop/provider.go:163.60,164.39 1 1
github.com/ngq/gorp/framework/provider/dlock/noop/provider.go:164.39,166.3 1 0
github.com/ngq/gorp/framework/provider/dlock/noop/provider.go:168.2,170.13 3 1
github.com/ngq/gorp/framework/provider/metadata/noop/provider.go:25.30,25.52 1 1
github.com/ngq/gorp/framework/provider/metadata/noop/provider.go:27.35,27.61 1 1
github.com/ngq/gorp/framework/provider/metadata/noop/provider.go:28.35,28.50 1 1
github.com/ngq/gorp/framework/provider/metadata/noop/provider.go:29.40,31.2 1 1
github.com/ngq/gorp/framework/provider/metadata/noop/provider.go:33.64,34.87 1 0
github.com/ngq/gorp/framework/provider/metadata/noop/provider.go:34.87,36.3 1 0
github.com/ngq/gorp/framework/provider/metadata/noop/provider.go:37.2,37.97 1 0
github.com/ngq/gorp/framework/provider/metadata/noop/provider.go:37.97,39.3 1 0
github.com/ngq/gorp/framework/provider/metadata/noop/provider.go:40.2,40.12 1 0
github.com/ngq/gorp/framework/provider/metadata/noop/provider.go:43.60,45.2 1 0
github.com/ngq/gorp/framework/provider/metadata/noop/provider.go:56.61,56.74 1 0
github.com/ngq/gorp/framework/provider/metadata/noop/provider.go:57.61,57.75 1 0
github.com/ngq/gorp/framework/provider/metadata/noop/provider.go:58.62,58.63 0 0
github.com/ngq/gorp/framework/provider/metadata/noop/provider.go:59.62,59.63 0 0
github.com/ngq/gorp/framework/provider/metadata/noop/provider.go:60.62,60.63 0 0
github.com/ngq/gorp/framework/provider/metadata/noop/provider.go:61.62,61.63 0 0
github.com/ngq/gorp/framework/provider/metadata/noop/provider.go:62.61,62.87 1 0
github.com/ngq/gorp/framework/provider/metadata/noop/provider.go:63.61,63.75 1 0
github.com/ngq/gorp/framework/provider/metadata/noop/provider.go:68.98,70.2 0 0
github.com/ngq/gorp/framework/provider/metadata/noop/provider.go:72.114,74.2 1 0
github.com/ngq/gorp/framework/provider/metadata/propagator/propagator.go:32.91,33.22 1 1
github.com/ngq/gorp/framework/provider/metadata/propagator/propagator.go:33.22,35.3 1 1
github.com/ngq/gorp/framework/provider/metadata/propagator/propagator.go:36.2,36.21 1 1
github.com/ngq/gorp/framework/provider/metadata/propagator/propagator.go:36.21,38.3 1 1
github.com/ngq/gorp/framework/provider/metadata/propagator/propagator.go:39.2,42.3 1 1
github.com/ngq/gorp/framework/provider/metadata/propagator/propagator.go:50.100,51.39 1 1
github.com/ngq/gorp/framework/provider/metadata/propagator/propagator.go:51.39,53.3 1 1
github.com/ngq/gorp/framework/provider/metadata/propagator/propagator.go:55.2,55.66 1 1
github.com/ngq/gorp/framework/provider/metadata/propagator/propagator.go:55.66,56.57 1 1
github.com/ngq/gorp/framework/provider/metadata/propagator/propagator.go:56.57,57.29 1 1
github.com/ngq/gorp/framework/provider/metadata/propagator/propagator.go:57.29,59.5 1 1
github.com/ngq/gorp/framework/provider/metadata/propagator/propagator.go:60.4,60.15 1 1
github.com/ngq/gorp/framework/provider/metadata/propagator/propagator.go:64.2,64.66 1 1
github.com/ngq/gorp/framework/provider/metadata/propagator/propagator.go:64.66,65.57 1 1
github.com/ngq/gorp/framework/provider/metadata/propagator/propagator.go:65.57,66.26 1 1
github.com/ngq/gorp/framework/provider/metadata/propagator/propagator.go:66.26,67.30 1 1
github.com/ngq/gorp/framework/provider/metadata/propagator/propagator.go:67.30,69.6 1 1
github.com/ngq/gorp/framework/provider/metadata/propagator/propagator.go:71.4,71.15 1 1
github.com/ngq/gorp/framework/provider/metadata/propagator/propagator.go:81.117,84.37 2 1
github.com/ngq/gorp/framework/provider/metadata/propagator/propagator.go:84.37,85.25 1 1
github.com/ngq/gorp/framework/provider/metadata/propagator/propagator.go:85.25,87.29 2 1
github.com/ngq/gorp/framework/provider/metadata/propagator/propagator.go:87.29,89.5 1 1
github.com/ngq/gorp/framework/provider/metadata/propagator/propagator.go:93.2,93.39 1 1
github.com/ngq/gorp/framework/provider/metadata/propagator/propagator.go:93.39,95.3 1 0
github.com/ngq/gorp/framework/provider/metadata/propagator/propagator.go:97.2,97.52 1 1
github.com/ngq/gorp/framework/provider/metadata/propagator/propagator.go:100.58,101.33 1 1
github.com/ngq/gorp/framework/provider/metadata/propagator/propagator.go:101.33,103.3 1 0
github.com/ngq/gorp/framework/provider/metadata/propagator/propagator.go:104.2,105.43 2 1
github.com/ngq/gorp/framework/provider/metadata/propagator/propagator.go:105.43,106.59 1 1
github.com/ngq/gorp/framework/provider/metadata/propagator/propagator.go:106.59,108.4 1 1
github.com/ngq/gorp/framework/provider/metadata/propagator/propagator.go:110.2,110.14 1 1
github.com/ngq/gorp/framework/provider/metadata/propagator/propagator.go:123.42,123.70 1 1
github.com/ngq/gorp/framework/provider/metadata/propagator/propagator.go:128.98,129.2 0 1
github.com/ngq/gorp/framework/provider/metadata/propagator/propagator.go:134.114,136.2 1 1
github.com/ngq/gorp/framework/provider/host/adapters.go:36.73,42.2 1 0
github.com/ngq/gorp/framework/provider/host/adapters.go:47.37,47.54 1 1
github.com/ngq/gorp/framework/provider/host/adapters.go:52.56,53.12 1 0
github.com/ngq/gorp/framework/provider/host/adapters.go:53.12,54.69 1 0
github.com/ngq/gorp/framework/provider/host/adapters.go:54.70,55.4 0 0
github.com/ngq/gorp/framework/provider/host/adapters.go:57.2,57.12 1 0
github.com/ngq/gorp/framework/provider/host/adapters.go:63.55,65.2 1 0
github.com/ngq/gorp/framework/provider/host/adapters.go:82.71,84.2 1 0
github.com/ngq/gorp/framework/provider/host/adapters.go:89.37,89.54 1 1
github.com/ngq/gorp/framework/provider/host/adapters.go:94.56,97.2 2 0
github.com/ngq/gorp/framework/provider/host/adapters.go:104.55,106.9 2 0
github.com/ngq/gorp/framework/provider/host/adapters.go:107.24,108.13 1 0
github.com/ngq/gorp/framework/provider/host/adapters.go:109.20,110.19 1 0
github.com/ngq/gorp/framework/provider/host/adapters.go:132.86,134.2 1 0
github.com/ngq/gorp/framework/provider/host/adapters.go:139.37,139.54 1 0
github.com/ngq/gorp/framework/provider/host/adapters.go:144.56,145.12 1 0
github.com/ngq/gorp/framework/provider/host/adapters.go:145.12,147.3 1 0
github.com/ngq/gorp/framework/provider/host/adapters.go:148.2,148.12 1 0
github.com/ngq/gorp/framework/provider/host/adapters.go:156.55,158.12 2 0
github.com/ngq/gorp/framework/provider/host/adapters.go:158.12,161.3 2 0
github.com/ngq/gorp/framework/provider/host/adapters.go:162.2,162.9 1 0
github.com/ngq/gorp/framework/provider/host/adapters.go:163.14,164.13 1 0
github.com/ngq/gorp/framework/provider/host/adapters.go:165.20,167.19 2 0
github.com/ngq/gorp/framework/provider/host/provider.go:41.30,41.52 1 1
github.com/ngq/gorp/framework/provider/host/provider.go:46.34,46.51 1 1
github.com/ngq/gorp/framework/provider/host/provider.go:51.35,51.51 1 1
github.com/ngq/gorp/framework/provider/host/provider.go:56.40,56.84 1 1
github.com/ngq/gorp/framework/provider/host/provider.go:61.64,62.81 1 0
github.com/ngq/gorp/framework/provider/host/provider.go:62.81,64.3 1 0
github.com/ngq/gorp/framework/provider/host/provider.go:65.2,65.12 1 0
github.com/ngq/gorp/framework/provider/host/provider.go:71.58,71.72 1 0
github.com/ngq/gorp/framework/provider/host/provider.go:94.71,99.2 1 1
github.com/ngq/gorp/framework/provider/host/provider.go:104.92,106.2 1 1
github.com/ngq/gorp/framework/provider/host/provider.go:115.151,118.2 2 1
github.com/ngq/gorp/framework/provider/host/provider.go:123.43,125.2 1 1
github.com/ngq/gorp/framework/provider/host/provider.go:130.47,132.2 1 1
github.com/ngq/gorp/framework/provider/host/provider.go:139.56,141.15 2 1
github.com/ngq/gorp/framework/provider/host/provider.go:141.15,144.3 2 1
github.com/ngq/gorp/framework/provider/host/provider.go:145.2,148.29 3 1
github.com/ngq/gorp/framework/provider/host/provider.go:154.55,156.2 1 1
github.com/ngq/gorp/framework/provider/host/provider.go:163.59,167.16 3 1
github.com/ngq/gorp/framework/provider/host/provider.go:167.16,169.3 1 1
github.com/ngq/gorp/framework/provider/host/provider.go:171.2,173.12 3 1
github.com/ngq/gorp/framework/provider/dtm/noop/provider.go:26.30,26.52 1 1
github.com/ngq/gorp/framework/provider/dtm/noop/provider.go:31.34,31.55 1 1
github.com/ngq/gorp/framework/provider/dtm/noop/provider.go:36.35,36.50 1 1
github.com/ngq/gorp/framework/provider/dtm/noop/provider.go:41.40,41.87 1 1
github.com/ngq/gorp/framework/provider/dtm/noop/provider.go:46.64,47.84 1 0
github.com/ngq/gorp/framework/provider/dtm/noop/provider.go:47.84,49.3 1 0
github.com/ngq/gorp/framework/provider/dtm/noop/provider.go:50.2,50.12 1 0
github.com/ngq/gorp/framework/provider/dtm/noop/provider.go:56.58,56.72 1 0
github.com/ngq/gorp/framework/provider/dtm/noop/provider.go:71.75,74.2 2 1
github.com/ngq/gorp/framework/provider/dtm/noop/provider.go:79.73,82.2 2 1
github.com/ngq/gorp/framework/provider/dtm/noop/provider.go:87.71,90.2 2 1
github.com/ngq/gorp/framework/provider/dtm/noop/provider.go:95.91,99.2 3 1
github.com/ngq/gorp/framework/provider/dtm/noop/provider.go:104.110,108.2 3 1
github.com/ngq/gorp/framework/provider/dtm/noop/provider.go:115.110,118.2 2 1
github.com/ngq/gorp/framework/provider/dtm/noop/provider.go:120.156,123.2 2 1
github.com/ngq/gorp/framework/provider/dtm/noop/provider.go:125.61,128.2 2 1
github.com/ngq/gorp/framework/provider/dtm/noop/provider.go:130.81,132.2 1 1
github.com/ngq/gorp/framework/provider/dtm/noop/provider.go:139.117,142.2 2 1
github.com/ngq/gorp/framework/provider/dtm/noop/provider.go:144.60,147.2 2 1
github.com/ngq/gorp/framework/provider/dtm/noop/provider.go:154.84,157.2 2 1
github.com/ngq/gorp/framework/provider/dtm/noop/provider.go:159.59,162.2 2 1
github.com/ngq/gorp/framework/provider/dtm/noop/provider.go:169.85,172.2 2 1
github.com/ngq/gorp/framework/provider/circuitbreaker/noop/provider.go:19.30,19.52 1 1
github.com/ngq/gorp/framework/provider/circuitbreaker/noop/provider.go:21.35,21.67 1 1
github.com/ngq/gorp/framework/provider/circuitbreaker/noop/provider.go:22.35,22.50 1 1
github.com/ngq/gorp/framework/provider/circuitbreaker/noop/provider.go:23.40,25.2 1 1
github.com/ngq/gorp/framework/provider/circuitbreaker/noop/provider.go:27.64,28.94 1 0
github.com/ngq/gorp/framework/provider/circuitbreaker/noop/provider.go:28.94,30.3 1 0
github.com/ngq/gorp/framework/provider/circuitbreaker/noop/provider.go:32.2,32.91 1 0
github.com/ngq/gorp/framework/provider/circuitbreaker/noop/provider.go:32.91,34.3 1 0
github.com/ngq/gorp/framework/provider/circuitbreaker/noop/provider.go:36.2,36.12 1 0
github.com/ngq/gorp/framework/provider/circuitbreaker/noop/provider.go:39.60,41.2 1 0
github.com/ngq/gorp/framework/provider/circuitbreaker/noop/provider.go:47.81,49.2 1 1
github.com/ngq/gorp/framework/provider/circuitbreaker/noop/provider.go:52.84,52.85 0 1
github.com/ngq/gorp/framework/provider/circuitbreaker/noop/provider.go:55.95,55.96 0 1
github.com/ngq/gorp/framework/provider/circuitbreaker/noop/provider.go:58.95,60.2 1 1
github.com/ngq/gorp/framework/provider/circuitbreaker/noop/provider.go:63.114,65.2 1 1
github.com/ngq/gorp/framework/provider/circuitbreaker/noop/provider.go:71.78,73.2 1 1
github.com/ngq/gorp/framework/provider/circuitbreaker/noop/provider.go:76.86,78.2 1 1
github.com/ngq/gorp/framework/provider/circuitbreaker/noop/provider.go:81.105,83.2 1 1
github.com/ngq/gorp/framework/provider/circuitbreaker/noop/provider.go:86.77,88.2 1 1
github.com/ngq/gorp/framework/provider/circuitbreaker/noop/provider.go:91.107,93.2 1 1
github.com/ngq/gorp/framework/provider/circuitbreaker/noop/provider.go:98.49,98.64 1 1
github.com/ngq/gorp/framework/provider/circuitbreaker/noop/provider.go:99.49,99.61 1 0
github.com/ngq/gorp/framework/provider/circuitbreaker/noop/provider.go:100.50,100.51 0 0
github.com/ngq/gorp/framework/provider/circuitbreaker/noop/provider.go:101.50,101.51 0 0
github.com/ngq/gorp/framework/provider/loadshedding/noop/provider.go:25.30,25.52 1 1
github.com/ngq/gorp/framework/provider/loadshedding/noop/provider.go:28.34,28.64 1 1
github.com/ngq/gorp/framework/provider/loadshedding/noop/provider.go:31.35,31.50 1 1
github.com/ngq/gorp/framework/provider/loadshedding/noop/provider.go:34.40,36.2 1 1
github.com/ngq/gorp/framework/provider/loadshedding/noop/provider.go:39.40,39.54 1 0
github.com/ngq/gorp/framework/provider/loadshedding/noop/provider.go:42.64,43.91 1 0
github.com/ngq/gorp/framework/provider/loadshedding/noop/provider.go:43.91,45.3 1 0
github.com/ngq/gorp/framework/provider/loadshedding/noop/provider.go:46.2,46.12 1 0
github.com/ngq/gorp/framework/provider/loadshedding/noop/provider.go:50.60,50.74 1 0
github.com/ngq/gorp/framework/provider/loadshedding/noop/provider.go:57.78,59.2 1 1
github.com/ngq/gorp/framework/provider/loadshedding/noop/provider.go:62.83,62.84 0 1
github.com/ngq/gorp/framework/provider/errors/std/provider.go:28.30,28.52 1 1
github.com/ngq/gorp/framework/provider/errors/std/provider.go:33.35,33.62 1 1
github.com/ngq/gorp/framework/provider/errors/std/provider.go:40.35,40.50 1 1
github.com/ngq/gorp/framework/provider/errors/std/provider.go:47.40,49.2 1 0
github.com/ngq/gorp/framework/provider/errors/std/provider.go:56.64,58.86 1 0
github.com/ngq/gorp/framework/provider/errors/std/provider.go:58.86,60.3 1 0
github.com/ngq/gorp/framework/provider/errors/std/provider.go:61.2,61.12 1 0
github.com/ngq/gorp/framework/provider/errors/std/provider.go:69.60,71.2 1 0
github.com/ngq/gorp/framework/provider/errors/std/provider.go:92.53,114.18 2 1
github.com/ngq/gorp/framework/provider/errors/std/provider.go:115.11,116.16 1 1
github.com/ngq/gorp/framework/provider/errors/std/provider.go:117.11,118.29 1 1
github.com/ngq/gorp/framework/provider/errors/std/provider.go:119.11,120.29 1 1
github.com/ngq/gorp/framework/provider/errors/std/provider.go:121.11,122.30 1 1
github.com/ngq/gorp/framework/provider/errors/std/provider.go:123.11,124.22 1 1
github.com/ngq/gorp/framework/provider/errors/std/provider.go:125.11,126.27 1 1
github.com/ngq/gorp/framework/provider/errors/std/provider.go:127.11,128.31 1 1
github.com/ngq/gorp/framework/provider/errors/std/provider.go:129.11,130.22 1 1
github.com/ngq/gorp/framework/provider/errors/std/provider.go:131.11,132.25 1 1
github.com/ngq/gorp/framework/provider/errors/std/provider.go:133.11,134.30 1 1
github.com/ngq/gorp/framework/provider/errors/std/provider.go:135.10,136.21 1 0
github.com/ngq/gorp/framework/provider/errors/std/provider.go:141.53,142.18 1 1
github.com/ngq/gorp/framework/provider/errors/std/provider.go:143.9,144.13 1 1
github.com/ngq/gorp/framework/provider/errors/std/provider.go:145.9,146.13 1 1
github.com/ngq/gorp/framework/provider/errors/std/provider.go:147.9,148.13 1 1
github.com/ngq/gorp/framework/provider/errors/std/provider.go:149.9,150.13 1 1
github.com/ngq/gorp/framework/provider/errors/std/provider.go:151.9,152.13 1 1
github.com/ngq/gorp/framework/provider/errors/std/provider.go:153.9,154.13 1 1
github.com/ngq/gorp/framework/provider/errors/std/provider.go:155.9,156.13 1 1
github.com/ngq/gorp/framework/provider/errors/std/provider.go:157.9,158.13 1 1
github.com/ngq/gorp/framework/provider/errors/std/provider.go:159.9,160.13 1 1
github.com/ngq/gorp/framework/provider/errors/std/provider.go:161.9,162.13 1 0
github.com/ngq/gorp/framework/provider/errors/std/provider.go:163.10,164.13 1 0
github.com/ngq/gorp/framework/provider/errors/std/provider.go:165.10,166.13 1 0
github.com/ngq/gorp/framework/provider/errors/std/provider.go:167.10,168.13 1 0
github.com/ngq/gorp/framework/provider/errors/std/provider.go:169.10,170.13 1 0
github.com/ngq/gorp/framework/provider/errors/std/provider.go:171.10,172.13 1 0
github.com/ngq/gorp/framework/provider/errors/std/provider.go:173.10,174.13 1 0
github.com/ngq/gorp/framework/provider/errors/std/provider.go:175.10,176.13 1 1
github.com/ngq/gorp/framework/provider/errors/std/provider.go:177.10,178.13 1 0
github.com/ngq/gorp/framework/provider/errors/std/provider.go:183.159,184.16 1 0
github.com/ngq/gorp/framework/provider/errors/std/provider.go:184.16,186.3 1 0
github.com/ngq/gorp/framework/provider/errors/std/provider.go:189.2,189.57 1 0
github.com/ngq/gorp/framework/provider/errors/std/provider.go:189.57,191.3 1 0
github.com/ngq/gorp/framework/provider/errors/std/provider.go:194.2,194.74 1 0
github.com/ngq/gorp/framework/provider/errors/std/provider.go:202.56,205.2 2 0
github.com/ngq/gorp/framework/provider/errors/std/provider.go:208.54,211.2 2 0
github.com/ngq/gorp/framework/provider/loadshedding/provider.go:30.30,30.52 1 1
github.com/ngq/gorp/framework/provider/loadshedding/provider.go:33.34,33.69 1 1
github.com/ngq/gorp/framework/provider/loadshedding/provider.go:36.35,36.50 1 1
github.com/ngq/gorp/framework/provider/loadshedding/provider.go:39.40,41.2 1 1
github.com/ngq/gorp/framework/provider/loadshedding/provider.go:44.40,44.54 1 0
github.com/ngq/gorp/framework/provider/loadshedding/provider.go:47.64,48.91 1 0
github.com/ngq/gorp/framework/provider/loadshedding/provider.go:48.91,52.3 2 0
github.com/ngq/gorp/framework/provider/loadshedding/provider.go:53.2,53.12 1 0
github.com/ngq/gorp/framework/provider/loadshedding/provider.go:57.60,57.74 1 0
github.com/ngq/gorp/framework/provider/loadshedding/provider.go:70.95,72.24 2 1
github.com/ngq/gorp/framework/provider/loadshedding/provider.go:72.24,75.3 1 1
github.com/ngq/gorp/framework/provider/loadshedding/provider.go:76.2,79.3 1 1
github.com/ngq/gorp/framework/provider/loadshedding/provider.go:88.82,90.25 2 1
github.com/ngq/gorp/framework/provider/loadshedding/provider.go:90.25,92.3 1 1
github.com/ngq/gorp/framework/provider/loadshedding/provider.go:93.2,93.12 1 1
github.com/ngq/gorp/framework/provider/loadshedding/provider.go:101.86,104.2 2 1
github.com/ngq/gorp/framework/provider/loadshedding/provider.go:108.82,110.46 1 1
github.com/ngq/gorp/framework/provider/loadshedding/provider.go:110.46,112.3 1 1
github.com/ngq/gorp/framework/provider/loadshedding/provider.go:115.2,116.88 2 1
github.com/ngq/gorp/framework/provider/loadshedding/provider.go:116.88,118.3 1 1
github.com/ngq/gorp/framework/provider/loadshedding/provider.go:121.2,123.33 3 1
github.com/ngq/gorp/framework/provider/loadshedding/provider.go:135.52,140.2 1 1
github.com/ngq/gorp/framework/provider/loadshedding/provider.go:143.44,144.9 1 1
github.com/ngq/gorp/framework/provider/loadshedding/provider.go:145.27,146.14 1 1
github.com/ngq/gorp/framework/provider/loadshedding/provider.go:147.10,148.15 1 1
github.com/ngq/gorp/framework/provider/loadshedding/provider.go:153.36,154.9 1 1
github.com/ngq/gorp/framework/provider/loadshedding/provider.go:155.15,155.15 0 1
github.com/ngq/gorp/framework/provider/loadshedding/provider.go:156.10,156.10 0 0
github.com/ngq/gorp/framework/provider/loadshedding/provider.go:169.105,173.47 2 0
github.com/ngq/gorp/framework/provider/loadshedding/provider.go:173.47,175.3 1 0
github.com/ngq/gorp/framework/provider/loadshedding/provider.go:177.2,178.16 2 0
github.com/ngq/gorp/framework/provider/loadshedding/provider.go:178.16,180.3 1 0
github.com/ngq/gorp/framework/provider/loadshedding/provider.go:182.2,190.9 3 0
github.com/ngq/gorp/framework/provider/loadshedding/provider.go:190.9,192.3 1 0
github.com/ngq/gorp/framework/provider/loadshedding/provider.go:195.2,198.76 2 0
github.com/ngq/gorp/framework/provider/loadshedding/provider.go:198.76,200.3 1 0
github.com/ngq/gorp/framework/provider/loadshedding/provider.go:203.2,216.12 4 0
github.com/ngq/gorp/framework/provider/loadshedding/provider.go:225.53,230.16 3 0
github.com/ngq/gorp/framework/provider/loadshedding/provider.go:230.16,232.3 1 0
github.com/ngq/gorp/framework/provider/loadshedding/provider.go:235.2,235.39 1 0
github.com/ngq/gorp/framework/provider/loadshedding/provider.go:235.39,236.38 1 0
github.com/ngq/gorp/framework/provider/loadshedding/provider.go:236.38,237.48 1 0
github.com/ngq/gorp/framework/provider/loadshedding/provider.go:237.48,239.42 2 0
github.com/ngq/gorp/framework/provider/loadshedding/provider.go:239.42,241.6 1 0
github.com/ngq/gorp/framework/provider/loadshedding/provider.go:242.5,242.45 1 0
github.com/ngq/gorp/framework/provider/loadshedding/provider.go:242.45,244.6 1 0
github.com/ngq/gorp/framework/provider/loadshedding/provider.go:245.5,245.49 1 0
github.com/ngq/gorp/framework/provider/loadshedding/provider.go:245.49,247.6 1 0
github.com/ngq/gorp/framework/provider/loadshedding/provider.go:249.5,249.62 1 0
github.com/ngq/gorp/framework/provider/loadshedding/provider.go:249.62,251.6 1 0
github.com/ngq/gorp/framework/provider/loadshedding/provider.go:252.5,252.32 1 0
github.com/ngq/gorp/framework/provider/loadshedding/provider.go:257.2,257.17 1 0
github.com/ngq/gorp/framework/provider/metadata/provider.go:28.30,28.52 1 1
github.com/ngq/gorp/framework/provider/metadata/provider.go:33.34,33.63 1 1
github.com/ngq/gorp/framework/provider/metadata/provider.go:40.35,40.50 1 1
github.com/ngq/gorp/framework/provider/metadata/provider.go:47.40,49.2 1 1
github.com/ngq/gorp/framework/provider/metadata/provider.go:56.64,57.87 1 0
github.com/ngq/gorp/framework/provider/metadata/provider.go:57.87,59.3 1 0
github.com/ngq/gorp/framework/provider/metadata/provider.go:60.2,60.97 1 0
github.com/ngq/gorp/framework/provider/metadata/provider.go:60.97,63.3 2 0
github.com/ngq/gorp/framework/provider/metadata/provider.go:64.2,64.12 1 0
github.com/ngq/gorp/framework/provider/metadata/provider.go:72.58,72.72 1 0
github.com/ngq/gorp/framework/provider/metadata/provider.go:74.87,76.16 2 0
github.com/ngq/gorp/framework/provider/metadata/provider.go:76.16,80.3 1 0
github.com/ngq/gorp/framework/provider/metadata/provider.go:81.2,82.9 2 0
github.com/ngq/gorp/framework/provider/metadata/provider.go:82.9,86.3 1 0
github.com/ngq/gorp/framework/provider/metadata/provider.go:88.2,91.103 2 0
github.com/ngq/gorp/framework/provider/metadata/provider.go:91.103,93.3 1 0
github.com/ngq/gorp/framework/provider/metadata/provider.go:94.2,94.102 1 0
github.com/ngq/gorp/framework/provider/metadata/provider.go:94.102,96.3 1 0
github.com/ngq/gorp/framework/provider/metadata/provider.go:97.2,97.80 1 0
github.com/ngq/gorp/framework/provider/metadata/provider.go:97.80,99.3 1 0
github.com/ngq/gorp/framework/provider/metadata/provider.go:100.2,100.16 1 0
github.com/ngq/gorp/framework/provider/error_reporter/adapter.go:36.71,38.2 1 1
github.com/ngq/gorp/framework/provider/error_reporter/adapter.go:45.101,46.21 1 1
github.com/ngq/gorp/framework/provider/error_reporter/adapter.go:46.21,48.3 1 1
github.com/ngq/gorp/framework/provider/error_reporter/adapter.go:50.2,55.32 2 1
github.com/ngq/gorp/framework/provider/error_reporter/adapter.go:55.32,57.3 1 1
github.com/ngq/gorp/framework/provider/error_reporter/adapter.go:59.2,59.35 1 1
github.com/ngq/gorp/framework/provider/error_reporter/adapter.go:59.35,61.3 1 1
github.com/ngq/gorp/framework/provider/error_reporter/adapter.go:63.2,63.29 1 1
github.com/ngq/gorp/framework/provider/error_reporter/adapter.go:63.29,65.3 1 1
github.com/ngq/gorp/framework/provider/error_reporter/adapter.go:67.2,68.12 2 1
github.com/ngq/gorp/framework/provider/error_reporter/adapter.go:76.96,78.2 1 1
github.com/ngq/gorp/framework/provider/error_reporter/adapter.go:83.32,83.33 0 1
github.com/ngq/gorp/framework/provider/error_reporter/adapter.go:103.85,108.2 1 1
github.com/ngq/gorp/framework/provider/error_reporter/adapter.go:115.103,116.16 1 1
github.com/ngq/gorp/framework/provider/error_reporter/adapter.go:116.16,118.3 1 1
github.com/ngq/gorp/framework/provider/error_reporter/adapter.go:120.2,120.105 1 1
github.com/ngq/gorp/framework/provider/error_reporter/adapter.go:128.98,130.2 1 1
github.com/ngq/gorp/framework/provider/error_reporter/adapter.go:135.34,135.35 0 1
github.com/ngq/gorp/framework/provider/error_reporter/adapter.go:142.94,143.35 1 1
github.com/ngq/gorp/framework/provider/error_reporter/adapter.go:143.35,145.3 1 1
github.com/ngq/gorp/framework/provider/error_reporter/adapter.go:147.2,151.11 5 1
github.com/ngq/gorp/framework/provider/error_reporter/adapter.go:151.11,153.7 2 1
github.com/ngq/gorp/framework/provider/error_reporter/adapter.go:153.7,156.13 3 1
github.com/ngq/gorp/framework/provider/error_reporter/adapter.go:156.13,157.10 1 1
github.com/ngq/gorp/framework/provider/error_reporter/adapter.go:162.2,170.35 2 1
github.com/ngq/gorp/framework/provider/error_reporter/provider.go:28.75,30.2 1 1
github.com/ngq/gorp/framework/provider/error_reporter/provider.go:35.34,35.61 1 1
github.com/ngq/gorp/framework/provider/error_reporter/provider.go:42.35,42.51 1 1
github.com/ngq/gorp/framework/provider/error_reporter/provider.go:49.40,49.96 1 1
github.com/ngq/gorp/framework/provider/error_reporter/provider.go:56.64,57.101 1 0
github.com/ngq/gorp/framework/provider/error_reporter/provider.go:57.101,58.45 1 0
github.com/ngq/gorp/framework/provider/error_reporter/provider.go:58.45,60.4 1 0
github.com/ngq/gorp/framework/provider/error_reporter/provider.go:62.3,63.17 2 0
github.com/ngq/gorp/framework/provider/error_reporter/provider.go:63.17,65.4 1 0
github.com/ngq/gorp/framework/provider/error_reporter/provider.go:66.3,67.37 2 0
github.com/ngq/gorp/framework/provider/error_reporter/provider.go:69.2,69.12 1 0
github.com/ngq/gorp/framework/provider/error_reporter/provider.go:77.58,77.72 1 0
github.com/ngq/gorp/framework/provider/grpc/interceptor.go:65.59,66.128 1 1
github.com/ngq/gorp/framework/provider/grpc/interceptor.go:66.128,75.9 6 1
github.com/ngq/gorp/framework/provider/grpc/interceptor.go:75.9,76.53 1 1
github.com/ngq/gorp/framework/provider/grpc/interceptor.go:76.53,78.5 1 1
github.com/ngq/gorp/framework/provider/grpc/interceptor.go:79.4,79.55 1 1
github.com/ngq/gorp/framework/provider/grpc/interceptor.go:79.55,81.5 1 1
github.com/ngq/gorp/framework/provider/grpc/interceptor.go:85.3,93.19 6 1
github.com/ngq/gorp/framework/provider/grpc/interceptor.go:101.61,102.116 1 0
github.com/ngq/gorp/framework/provider/grpc/interceptor.go:102.116,113.9 7 0
github.com/ngq/gorp/framework/provider/grpc/interceptor.go:113.9,114.53 1 0
github.com/ngq/gorp/framework/provider/grpc/interceptor.go:114.53,116.5 1 0
github.com/ngq/gorp/framework/provider/grpc/interceptor.go:117.4,117.55 1 0
github.com/ngq/gorp/framework/provider/grpc/interceptor.go:117.55,119.5 1 0
github.com/ngq/gorp/framework/provider/grpc/interceptor.go:123.3,136.13 7 0
github.com/ngq/gorp/framework/provider/grpc/interceptor.go:151.57,153.2 1 0
github.com/ngq/gorp/framework/provider/grpc/interceptor.go:160.45,161.58 1 1
github.com/ngq/gorp/framework/provider/grpc/interceptor.go:161.58,163.3 1 1
github.com/ngq/gorp/framework/provider/grpc/interceptor.go:164.2,164.11 1 0
github.com/ngq/gorp/framework/provider/grpc/interceptor.go:172.47,173.60 1 1
github.com/ngq/gorp/framework/provider/grpc/interceptor.go:173.60,175.3 1 1
github.com/ngq/gorp/framework/provider/grpc/interceptor.go:176.2,176.11 1 0
github.com/ngq/gorp/framework/provider/grpc/interceptor.go:185.59,186.153 1 1
github.com/ngq/gorp/framework/provider/grpc/interceptor.go:186.153,192.29 3 1
github.com/ngq/gorp/framework/provider/grpc/interceptor.go:192.29,194.17 2 1
github.com/ngq/gorp/framework/provider/grpc/interceptor.go:194.17,196.5 1 1
github.com/ngq/gorp/framework/provider/grpc/interceptor.go:197.4,197.17 1 1
github.com/ngq/gorp/framework/provider/grpc/interceptor.go:197.17,199.5 1 1
github.com/ngq/gorp/framework/provider/grpc/interceptor.go:200.4,200.46 1 1
github.com/ngq/gorp/framework/provider/grpc/interceptor.go:203.3,203.55 1 1
github.com/ngq/gorp/framework/provider/grpc/interceptor.go:212.61,213.170 1 0
github.com/ngq/gorp/framework/provider/grpc/interceptor.go:213.170,219.29 3 0
github.com/ngq/gorp/framework/provider/grpc/interceptor.go:219.29,221.17 2 0
github.com/ngq/gorp/framework/provider/grpc/interceptor.go:221.17,223.5 1 0
github.com/ngq/gorp/framework/provider/grpc/interceptor.go:224.4,224.17 1 0
github.com/ngq/gorp/framework/provider/grpc/interceptor.go:224.17,226.5 1 0
github.com/ngq/gorp/framework/provider/grpc/interceptor.go:227.4,227.46 1 0
github.com/ngq/gorp/framework/provider/grpc/interceptor.go:230.3,230.50 1 0
github.com/ngq/gorp/framework/provider/cron/provider.go:43.30,43.52 1 1
github.com/ngq/gorp/framework/provider/cron/provider.go:48.34,48.51 1 1
github.com/ngq/gorp/framework/provider/cron/provider.go:53.35,53.51 1 1
github.com/ngq/gorp/framework/provider/cron/provider.go:58.40,58.84 1 1
github.com/ngq/gorp/framework/provider/cron/provider.go:65.64,66.79 1 0
github.com/ngq/gorp/framework/provider/cron/provider.go:66.79,68.3 1 0
github.com/ngq/gorp/framework/provider/cron/provider.go:69.2,69.12 1 0
github.com/ngq/gorp/framework/provider/cron/provider.go:75.58,75.72 1 0
github.com/ngq/gorp/framework/provider/cron/provider.go:95.28,102.2 3 0
github.com/ngq/gorp/framework/provider/cron/provider.go:111.85,112.38 1 0
github.com/ngq/gorp/framework/provider/cron/provider.go:112.38,116.3 3 0
github.com/ngq/gorp/framework/provider/cron/provider.go:117.2,118.21 2 0
github.com/ngq/gorp/framework/provider/cron/provider.go:128.96,129.38 1 0
github.com/ngq/gorp/framework/provider/cron/provider.go:129.38,140.17 8 0
github.com/ngq/gorp/framework/provider/cron/provider.go:140.17,142.4 1 0
github.com/ngq/gorp/framework/provider/cron/provider.go:143.3,145.58 3 0
github.com/ngq/gorp/framework/provider/cron/provider.go:147.2,148.21 2 0
github.com/ngq/gorp/framework/provider/cron/provider.go:156.27,158.2 1 0
github.com/ngq/gorp/framework/provider/cron/provider.go:163.42,165.2 1 0
github.com/ngq/gorp/framework/provider/observability/default.go:42.25,49.2 1 1
github.com/ngq/gorp/framework/provider/observability/default.go:51.72,51.92 1 1
github.com/ngq/gorp/framework/provider/observability/default.go:52.72,52.91 1 1
github.com/ngq/gorp/framework/provider/observability/default.go:53.72,53.91 1 1
github.com/ngq/gorp/framework/provider/observability/default.go:54.81,56.2 1 1
github.com/ngq/gorp/framework/provider/observability/default.go:60.48,62.2 1 0
github.com/ngq/gorp/framework/provider/observability/default.go:64.91,70.2 2 0
github.com/ngq/gorp/framework/provider/observability/default.go:72.89,78.2 2 0
github.com/ngq/gorp/framework/provider/observability/default.go:80.93,87.2 2 0
github.com/ngq/gorp/framework/provider/observability/default.go:89.99,91.2 1 0
github.com/ngq/gorp/framework/provider/observability/default.go:93.51,95.24 2 0
github.com/ngq/gorp/framework/provider/observability/default.go:95.24,97.3 1 0
github.com/ngq/gorp/framework/provider/observability/default.go:98.2,98.13 1 0
github.com/ngq/gorp/framework/provider/observability/default.go:101.53,104.25 3 0
github.com/ngq/gorp/framework/provider/observability/default.go:104.25,106.3 1 0
github.com/ngq/gorp/framework/provider/observability/default.go:107.2,107.15 1 0
github.com/ngq/gorp/framework/provider/observability/default.go:112.34,112.58 1 1
github.com/ngq/gorp/framework/provider/observability/default.go:114.154,116.2 1 1
github.com/ngq/gorp/framework/provider/observability/default.go:118.86,120.2 1 1
github.com/ngq/gorp/framework/provider/observability/default.go:122.102,124.2 1 1
github.com/ngq/gorp/framework/provider/observability/default.go:126.122,128.2 1 1
github.com/ngq/gorp/framework/provider/observability/default.go:132.78,132.79 0 1
github.com/ngq/gorp/framework/provider/observability/default.go:133.78,133.79 0 1
github.com/ngq/gorp/framework/provider/observability/default.go:134.78,134.79 0 1
github.com/ngq/gorp/framework/provider/observability/default.go:135.78,135.79 0 1
github.com/ngq/gorp/framework/provider/observability/default.go:136.78,136.79 0 1
github.com/ngq/gorp/framework/provider/observability/default.go:137.94,138.2 0 1
github.com/ngq/gorp/framework/provider/observability/default.go:139.68,141.2 1 1
github.com/ngq/gorp/framework/provider/observability/default.go:142.46,142.62 1 1
github.com/ngq/gorp/framework/provider/observability/default.go:143.46,143.77 1 1
github.com/ngq/gorp/framework/provider/observability/provider.go:26.78,28.2 1 0
github.com/ngq/gorp/framework/provider/observability/provider.go:33.40,33.66 1 0
github.com/ngq/gorp/framework/provider/observability/provider.go:40.40,40.56 1 0
github.com/ngq/gorp/framework/provider/observability/provider.go:47.40,47.99 1 0
github.com/ngq/gorp/framework/provider/observability/provider.go:54.64,55.104 1 0
github.com/ngq/gorp/framework/provider/observability/provider.go:55.104,63.30 6 0
github.com/ngq/gorp/framework/provider/observability/provider.go:63.30,65.4 1 0
github.com/ngq/gorp/framework/provider/observability/provider.go:67.3,68.30 2 0
github.com/ngq/gorp/framework/provider/observability/provider.go:68.30,70.4 1 0
github.com/ngq/gorp/framework/provider/observability/provider.go:70.9,72.4 1 0
github.com/ngq/gorp/framework/provider/observability/provider.go:74.3,74.78 1 0
github.com/ngq/gorp/framework/provider/observability/provider.go:76.2,76.12 1 0
github.com/ngq/gorp/framework/provider/observability/provider.go:84.58,84.72 1 0
github.com/ngq/gorp/framework/provider/orm/ent/provider.go:43.30,43.52 1 1
github.com/ngq/gorp/framework/provider/orm/ent/provider.go:48.34,48.54 1 1
github.com/ngq/gorp/framework/provider/orm/ent/provider.go:53.35,53.51 1 1
github.com/ngq/gorp/framework/provider/orm/ent/provider.go:58.40,58.86 1 1
github.com/ngq/gorp/framework/provider/orm/ent/provider.go:67.64,68.83 1 1
github.com/ngq/gorp/framework/provider/orm/ent/provider.go:68.83,70.17 2 1
github.com/ngq/gorp/framework/provider/orm/ent/provider.go:70.17,72.21 2 1
github.com/ngq/gorp/framework/provider/orm/ent/provider.go:72.21,74.5 1 0
github.com/ngq/gorp/framework/provider/orm/ent/provider.go:75.4,78.169 4 1
github.com/ngq/gorp/framework/provider/orm/ent/provider.go:81.3,82.10 2 0
github.com/ngq/gorp/framework/provider/orm/ent/provider.go:82.10,84.4 1 0
github.com/ngq/gorp/framework/provider/orm/ent/provider.go:85.3,85.36 1 0
github.com/ngq/gorp/framework/provider/orm/ent/provider.go:87.2,87.12 1 1
github.com/ngq/gorp/framework/provider/orm/ent/provider.go:93.58,93.72 1 0
github.com/ngq/gorp/framework/provider/log/provider.go:31.30,31.52 1 1
github.com/ngq/gorp/framework/provider/log/provider.go:36.40,36.56 1 1
github.com/ngq/gorp/framework/provider/log/provider.go:43.40,43.56 1 1
github.com/ngq/gorp/framework/provider/log/provider.go:50.40,50.89 1 1
github.com/ngq/gorp/framework/provider/log/provider.go:57.64,58.86 1 1
github.com/ngq/gorp/framework/provider/log/provider.go:58.86,60.39 2 1
github.com/ngq/gorp/framework/provider/log/provider.go:60.39,61.60 1 1
github.com/ngq/gorp/framework/provider/log/provider.go:61.60,63.5 1 1
github.com/ngq/gorp/framework/provider/log/provider.go:66.3,79.17 13 1
github.com/ngq/gorp/framework/provider/log/provider.go:79.17,80.48 1 1
github.com/ngq/gorp/framework/provider/log/provider.go:80.48,82.5 1 0
github.com/ngq/gorp/framework/provider/log/provider.go:83.4,83.49 1 1
github.com/ngq/gorp/framework/provider/log/provider.go:83.49,85.5 1 0
github.com/ngq/gorp/framework/provider/log/provider.go:86.4,86.49 1 1
github.com/ngq/gorp/framework/provider/log/provider.go:86.49,88.5 1 1
github.com/ngq/gorp/framework/provider/log/provider.go:89.4,89.47 1 1
github.com/ngq/gorp/framework/provider/log/provider.go:89.47,91.5 1 0
github.com/ngq/gorp/framework/provider/log/provider.go:92.4,92.57 1 1
github.com/ngq/gorp/framework/provider/log/provider.go:92.57,94.5 1 0
github.com/ngq/gorp/framework/provider/log/provider.go:95.4,95.57 1 1
github.com/ngq/gorp/framework/provider/log/provider.go:95.57,97.5 1 0
github.com/ngq/gorp/framework/provider/log/provider.go:98.4,98.54 1 1
github.com/ngq/gorp/framework/provider/log/provider.go:98.54,100.5 1 0
github.com/ngq/gorp/framework/provider/log/provider.go:101.4,101.49 1 1
github.com/ngq/gorp/framework/provider/log/provider.go:101.49,103.5 1 0
github.com/ngq/gorp/framework/provider/log/provider.go:104.4,104.49 1 1
github.com/ngq/gorp/framework/provider/log/provider.go:104.49,106.5 1 0
github.com/ngq/gorp/framework/provider/log/provider.go:107.4,107.50 1 1
github.com/ngq/gorp/framework/provider/log/provider.go:107.50,109.5 1 0
github.com/ngq/gorp/framework/provider/log/provider.go:110.4,110.67 1 1
github.com/ngq/gorp/framework/provider/log/provider.go:110.67,112.5 1 1
github.com/ngq/gorp/framework/provider/log/provider.go:113.4,113.69 1 1
github.com/ngq/gorp/framework/provider/log/provider.go:113.69,115.5 1 1
github.com/ngq/gorp/framework/provider/log/provider.go:118.3,122.25 4 1
github.com/ngq/gorp/framework/provider/log/provider.go:122.25,123.18 1 1
github.com/ngq/gorp/framework/provider/log/provider.go:123.18,124.68 1 1
github.com/ngq/gorp/framework/provider/log/provider.go:124.68,125.59 1 1
github.com/ngq/gorp/framework/provider/log/provider.go:125.59,127.7 1 1
github.com/ngq/gorp/framework/provider/log/provider.go:130.4,130.18 1 1
github.com/ngq/gorp/framework/provider/log/provider.go:130.18,132.5 1 1
github.com/ngq/gorp/framework/provider/log/provider.go:134.3,134.40 1 1
github.com/ngq/gorp/framework/provider/log/provider.go:134.40,136.4 1 1
github.com/ngq/gorp/framework/provider/log/provider.go:138.3,148.61 2 1
github.com/ngq/gorp/framework/provider/log/provider.go:148.61,150.4 1 1
github.com/ngq/gorp/framework/provider/log/provider.go:151.3,151.59 1 1
github.com/ngq/gorp/framework/provider/log/provider.go:151.59,153.4 1 1
github.com/ngq/gorp/framework/provider/log/provider.go:155.3,155.51 1 1
github.com/ngq/gorp/framework/provider/log/provider.go:157.2,157.12 1 1
github.com/ngq/gorp/framework/provider/log/provider.go:165.58,165.72 1 1
github.com/ngq/gorp/framework/provider/log/zap_backend.go:48.61,50.2 1 0
github.com/ngq/gorp/framework/provider/log/zap_backend.go:57.63,59.2 1 0
github.com/ngq/gorp/framework/provider/log/zap_backend.go:62.86,64.39 2 1
github.com/ngq/gorp/framework/provider/log/zap_backend.go:64.39,66.3 1 0
github.com/ngq/gorp/framework/provider/log/zap_backend.go:68.2,72.16 4 1
github.com/ngq/gorp/framework/provider/log/zap_backend.go:73.14,74.39 1 0
github.com/ngq/gorp/framework/provider/log/zap_backend.go:75.39,76.42 1 1
github.com/ngq/gorp/framework/provider/log/zap_backend.go:77.10,78.59 1 0
github.com/ngq/gorp/framework/provider/log/zap_backend.go:81.2,81.49 1 1
github.com/ngq/gorp/framework/provider/log/zap_backend.go:81.49,83.3 1 0
github.com/ngq/gorp/framework/provider/log/zap_backend.go:84.2,85.16 2 1
github.com/ngq/gorp/framework/provider/log/zap_backend.go:85.16,87.3 1 0
github.com/ngq/gorp/framework/provider/log/zap_backend.go:89.2,91.35 3 1
github.com/ngq/gorp/framework/provider/log/zap_backend.go:94.78,96.2 1 0
github.com/ngq/gorp/framework/provider/log/zap_backend.go:97.77,99.2 1 0
github.com/ngq/gorp/framework/provider/log/zap_backend.go:100.77,102.2 1 0
github.com/ngq/gorp/framework/provider/log/zap_backend.go:103.78,105.2 1 0
github.com/ngq/gorp/framework/provider/log/zap_backend.go:106.94,108.2 1 0
github.com/ngq/gorp/framework/provider/log/zap_backend.go:110.68,112.27 2 0
github.com/ngq/gorp/framework/provider/log/zap_backend.go:112.27,114.3 1 0
github.com/ngq/gorp/framework/provider/log/zap_backend.go:115.2,115.12 1 0
github.com/ngq/gorp/framework/provider/log/zap_backend.go:118.67,119.19 1 1
github.com/ngq/gorp/framework/provider/log/zap_backend.go:120.20,121.41 1 1
github.com/ngq/gorp/framework/provider/log/zap_backend.go:122.16,131.33 2 1
github.com/ngq/gorp/framework/provider/log/zap_backend.go:132.16,139.17 2 1
github.com/ngq/gorp/framework/provider/log/zap_backend.go:139.17,141.4 1 0
github.com/ngq/gorp/framework/provider/log/zap_backend.go:142.3,142.33 1 1
github.com/ngq/gorp/framework/provider/log/zap_backend.go:143.10,144.28 1 0
github.com/ngq/gorp/framework/provider/log/zap_backend.go:148.32,149.13 1 1
github.com/ngq/gorp/framework/provider/log/zap_backend.go:149.13,151.3 1 1
github.com/ngq/gorp/framework/provider/log/zap_backend.go:152.2,152.44 1 1
github.com/ngq/gorp/framework/provider/log/zap_backend.go:156.29,157.32 1 0
github.com/ngq/gorp/framework/provider/log/zap_backend.go:157.32,159.3 1 0
github.com/ngq/gorp/framework/provider/configsource/local/provider.go:34.30,34.52 1 1
github.com/ngq/gorp/framework/provider/configsource/local/provider.go:39.35,39.66 1 1
github.com/ngq/gorp/framework/provider/configsource/local/provider.go:46.35,46.50 1 1
github.com/ngq/gorp/framework/provider/configsource/local/provider.go:53.40,55.2 1 1
github.com/ngq/gorp/framework/provider/configsource/local/provider.go:62.64,63.86 1 0
github.com/ngq/gorp/framework/provider/configsource/local/provider.go:63.86,66.3 2 0
github.com/ngq/gorp/framework/provider/configsource/local/provider.go:68.2,68.12 1 0
github.com/ngq/gorp/framework/provider/configsource/local/provider.go:76.60,78.2 1 0
github.com/ngq/gorp/framework/provider/configsource/local/provider.go:81.99,83.16 2 0
github.com/ngq/gorp/framework/provider/configsource/local/provider.go:83.16,85.3 1 0
github.com/ngq/gorp/framework/provider/configsource/local/provider.go:87.2,88.9 2 0
github.com/ngq/gorp/framework/provider/configsource/local/provider.go:88.9,90.3 1 0
github.com/ngq/gorp/framework/provider/configsource/local/provider.go:92.2,96.15 2 0
github.com/ngq/gorp/framework/provider/configsource/local/provider.go:96.15,98.3 1 0
github.com/ngq/gorp/framework/provider/configsource/local/provider.go:100.2,100.23 1 0
github.com/ngq/gorp/framework/provider/configsource/local/provider.go:116.62,118.15 2 0
github.com/ngq/gorp/framework/provider/configsource/local/provider.go:118.15,120.3 1 0
github.com/ngq/gorp/framework/provider/configsource/local/provider.go:121.2,121.36 1 0
github.com/ngq/gorp/framework/provider/configsource/local/provider.go:129.68,132.78 3 0
github.com/ngq/gorp/framework/provider/configsource/local/provider.go:132.78,134.3 1 0
github.com/ngq/gorp/framework/provider/configsource/local/provider.go:135.2,135.29 1 0
github.com/ngq/gorp/framework/provider/configsource/local/provider.go:145.68,147.16 2 0
github.com/ngq/gorp/framework/provider/configsource/local/provider.go:147.16,149.3 1 0
github.com/ngq/gorp/framework/provider/configsource/local/provider.go:151.2,153.25 3 0
github.com/ngq/gorp/framework/provider/configsource/local/provider.go:153.25,154.44 1 0
github.com/ngq/gorp/framework/provider/configsource/local/provider.go:154.44,155.33 1 0
github.com/ngq/gorp/framework/provider/configsource/local/provider.go:155.33,157.5 1 0
github.com/ngq/gorp/framework/provider/configsource/local/provider.go:157.10,159.5 1 0
github.com/ngq/gorp/framework/provider/configsource/local/provider.go:160.9,162.4 1 0
github.com/ngq/gorp/framework/provider/configsource/local/provider.go:164.2,164.21 1 0
github.com/ngq/gorp/framework/provider/configsource/local/provider.go:172.72,174.2 1 0
github.com/ngq/gorp/framework/provider/configsource/local/provider.go:181.93,183.2 1 0
github.com/ngq/gorp/framework/provider/configsource/local/provider.go:188.32,188.46 1 0
github.com/ngq/gorp/framework/provider/configsource/local/provider.go:195.27,196.71 1 0
github.com/ngq/gorp/framework/provider/configsource/local/provider.go:196.71,197.27 1 0
github.com/ngq/gorp/framework/provider/configsource/local/provider.go:197.27,199.4 1 0
github.com/ngq/gorp/framework/provider/configsource/local/provider.go:200.3,201.49 2 0
github.com/ngq/gorp/framework/provider/configsource/local/provider.go:203.2,204.11 2 0
github.com/ngq/gorp/framework/provider/config/env.go:23.38,25.13 2 1
github.com/ngq/gorp/framework/provider/config/env.go:26.18,27.16 1 1
github.com/ngq/gorp/framework/provider/config/env.go:28.15,29.17 1 0
github.com/ngq/gorp/framework/provider/config/env.go:30.15,31.17 1 0
github.com/ngq/gorp/framework/provider/config/env.go:32.10,33.13 1 1
github.com/ngq/gorp/framework/provider/config/lookup.go:23.66,24.16 1 0
github.com/ngq/gorp/framework/provider/config/lookup.go:24.16,26.3 1 0
github.com/ngq/gorp/framework/provider/config/lookup.go:27.2,27.27 1 0
github.com/ngq/gorp/framework/provider/config/lookup.go:27.27,28.35 1 0
github.com/ngq/gorp/framework/provider/config/lookup.go:28.35,29.12 1 0
github.com/ngq/gorp/framework/provider/config/lookup.go:31.3,31.34 1 0
github.com/ngq/gorp/framework/provider/config/lookup.go:31.34,33.4 1 0
github.com/ngq/gorp/framework/provider/config/lookup.go:35.2,35.19 1 0
github.com/ngq/gorp/framework/provider/config/lookup.go:45.67,46.16 1 0
github.com/ngq/gorp/framework/provider/config/lookup.go:46.16,48.3 1 0
github.com/ngq/gorp/framework/provider/config/lookup.go:49.2,49.27 1 0
github.com/ngq/gorp/framework/provider/config/lookup.go:49.27,50.35 1 0
github.com/ngq/gorp/framework/provider/config/lookup.go:50.35,51.12 1 0
github.com/ngq/gorp/framework/provider/config/lookup.go:53.3,53.58 1 0
github.com/ngq/gorp/framework/provider/config/lookup.go:53.58,55.4 1 0
github.com/ngq/gorp/framework/provider/config/lookup.go:56.3,56.36 1 0
github.com/ngq/gorp/framework/provider/config/lookup.go:56.36,57.31 1 0
github.com/ngq/gorp/framework/provider/config/lookup.go:57.31,59.16 2 0
github.com/ngq/gorp/framework/provider/config/lookup.go:59.16,61.6 1 0
github.com/ngq/gorp/framework/provider/config/lookup.go:65.2,65.11 1 0
github.com/ngq/gorp/framework/provider/config/lookup.go:75.71,76.27 1 0
github.com/ngq/gorp/framework/provider/config/lookup.go:76.27,78.10 2 0
github.com/ngq/gorp/framework/provider/config/lookup.go:78.10,79.12 1 0
github.com/ngq/gorp/framework/provider/config/lookup.go:81.3,81.24 1 0
github.com/ngq/gorp/framework/provider/config/lookup.go:82.13,83.18 1 0
github.com/ngq/gorp/framework/provider/config/lookup.go:84.15,86.18 2 0
github.com/ngq/gorp/framework/provider/config/lookup.go:86.18,88.5 1 0
github.com/ngq/gorp/framework/provider/config/lookup.go:89.12,90.23 1 0
github.com/ngq/gorp/framework/provider/config/lookup.go:91.14,92.23 1 0
github.com/ngq/gorp/framework/provider/config/lookup.go:93.16,94.23 1 0
github.com/ngq/gorp/framework/provider/config/lookup.go:97.2,97.21 1 0
github.com/ngq/gorp/framework/provider/config/lookup.go:107.61,108.27 1 0
github.com/ngq/gorp/framework/provider/config/lookup.go:108.27,110.10 2 0
github.com/ngq/gorp/framework/provider/config/lookup.go:110.10,111.12 1 0
github.com/ngq/gorp/framework/provider/config/lookup.go:113.3,113.24 1 0
github.com/ngq/gorp/framework/provider/config/lookup.go:114.12,115.12 1 0
github.com/ngq/gorp/framework/provider/config/lookup.go:116.14,117.17 1 0
github.com/ngq/gorp/framework/provider/config/lookup.go:118.16,119.17 1 0
github.com/ngq/gorp/framework/provider/config/lookup.go:120.15,122.18 2 0
github.com/ngq/gorp/framework/provider/config/lookup.go:122.18,124.5 1 0
github.com/ngq/gorp/framework/provider/config/lookup.go:127.2,127.10 1 0
github.com/ngq/gorp/framework/provider/config/lookup.go:137.67,138.27 1 0
github.com/ngq/gorp/framework/provider/config/lookup.go:138.27,140.10 2 0
github.com/ngq/gorp/framework/provider/config/lookup.go:140.10,141.12 1 0
github.com/ngq/gorp/framework/provider/config/lookup.go:143.3,143.24 1 0
github.com/ngq/gorp/framework/provider/config/lookup.go:144.16,145.12 1 0
github.com/ngq/gorp/framework/provider/config/lookup.go:146.16,147.21 1 0
github.com/ngq/gorp/framework/provider/config/lookup.go:148.12,149.21 1 0
github.com/ngq/gorp/framework/provider/config/lookup.go:150.14,151.21 1 0
github.com/ngq/gorp/framework/provider/config/lookup.go:152.15,154.18 2 0
github.com/ngq/gorp/framework/provider/config/lookup.go:154.18,156.5 1 0
github.com/ngq/gorp/framework/provider/config/lookup.go:159.2,159.10 1 0
github.com/ngq/gorp/framework/provider/config/lookup.go:169.74,170.27 1 0
github.com/ngq/gorp/framework/provider/config/lookup.go:170.27,172.10 2 0
github.com/ngq/gorp/framework/provider/config/lookup.go:172.10,173.12 1 0
github.com/ngq/gorp/framework/provider/config/lookup.go:175.3,175.26 1 0
github.com/ngq/gorp/framework/provider/config/lookup.go:176.17,177.20 1 0
github.com/ngq/gorp/framework/provider/config/lookup.go:177.20,179.5 1 0
github.com/ngq/gorp/framework/provider/config/lookup.go:180.14,182.29 2 0
github.com/ngq/gorp/framework/provider/config/lookup.go:182.29,184.5 1 0
github.com/ngq/gorp/framework/provider/config/lookup.go:185.4,185.20 1 0
github.com/ngq/gorp/framework/provider/config/lookup.go:185.20,187.5 1 0
github.com/ngq/gorp/framework/provider/config/lookup.go:188.15,190.15 2 0
github.com/ngq/gorp/framework/provider/config/lookup.go:190.15,192.5 1 0
github.com/ngq/gorp/framework/provider/config/lookup.go:195.2,195.12 1 0
github.com/ngq/gorp/framework/provider/config/lookup.go:205.81,206.27 1 0
github.com/ngq/gorp/framework/provider/config/lookup.go:206.27,208.10 2 0
github.com/ngq/gorp/framework/provider/config/lookup.go:208.10,209.12 1 0
github.com/ngq/gorp/framework/provider/config/lookup.go:211.3,211.24 1 0
github.com/ngq/gorp/framework/provider/config/lookup.go:212.26,213.12 1 0
github.com/ngq/gorp/framework/provider/config/lookup.go:214.23,216.26 2 0
github.com/ngq/gorp/framework/provider/config/lookup.go:216.26,218.5 1 0
github.com/ngq/gorp/framework/provider/config/lookup.go:219.4,219.14 1 0
github.com/ngq/gorp/framework/provider/config/lookup.go:222.2,222.12 1 0
github.com/ngq/gorp/framework/provider/config/provider.go:31.30,33.2 1 0
github.com/ngq/gorp/framework/provider/config/provider.go:38.34,38.53 1 0
github.com/ngq/gorp/framework/provider/config/provider.go:45.35,45.51 1 0
github.com/ngq/gorp/framework/provider/config/provider.go:52.40,52.83 1 0
github.com/ngq/gorp/framework/provider/config/provider.go:59.64,62.78 2 0
github.com/ngq/gorp/framework/provider/config/provider.go:62.78,64.3 1 0
github.com/ngq/gorp/framework/provider/config/provider.go:65.2,65.12 1 0
github.com/ngq/gorp/framework/provider/config/provider.go:73.58,79.2 2 0
github.com/ngq/gorp/framework/provider/config/service.go:44.28,46.2 1 1
github.com/ngq/gorp/framework/provider/config/service.go:53.70,58.2 1 0
github.com/ngq/gorp/framework/provider/config/service.go:63.32,63.48 1 0
github.com/ngq/gorp/framework/provider/config/service.go:72.42,77.63 4 1
github.com/ngq/gorp/framework/provider/config/service.go:77.63,79.3 1 0
github.com/ngq/gorp/framework/provider/config/service.go:82.2,82.21 1 1
github.com/ngq/gorp/framework/provider/config/service.go:82.21,84.17 2 0
github.com/ngq/gorp/framework/provider/config/service.go:84.17,86.4 1 0
github.com/ngq/gorp/framework/provider/config/service.go:87.3,87.33 1 0
github.com/ngq/gorp/framework/provider/config/service.go:87.33,89.4 1 0
github.com/ngq/gorp/framework/provider/config/service.go:92.2,93.12 2 1
github.com/ngq/gorp/framework/provider/config/service.go:103.69,104.14 1 1
github.com/ngq/gorp/framework/provider/config/service.go:104.14,106.3 1 0
github.com/ngq/gorp/framework/provider/config/service.go:107.2,108.35 2 1
github.com/ngq/gorp/framework/provider/config/service.go:108.35,110.3 1 1
github.com/ngq/gorp/framework/provider/config/service.go:112.2,121.16 5 1
github.com/ngq/gorp/framework/provider/config/service.go:121.16,123.3 1 0
github.com/ngq/gorp/framework/provider/config/service.go:124.2,124.25 1 1
github.com/ngq/gorp/framework/provider/config/service.go:124.25,126.3 1 0
github.com/ngq/gorp/framework/provider/config/service.go:128.2,128.30 1 1
github.com/ngq/gorp/framework/provider/config/service.go:128.30,130.17 2 1
github.com/ngq/gorp/framework/provider/config/service.go:130.17,132.4 1 0
github.com/ngq/gorp/framework/provider/config/service.go:133.3,133.13 1 1
github.com/ngq/gorp/framework/provider/config/service.go:133.13,134.59 1 1
github.com/ngq/gorp/framework/provider/config/service.go:134.59,136.5 1 0
github.com/ngq/gorp/framework/provider/config/service.go:137.4,137.12 1 1
github.com/ngq/gorp/framework/provider/config/service.go:139.3,139.59 1 1
github.com/ngq/gorp/framework/provider/config/service.go:139.59,141.4 1 0
github.com/ngq/gorp/framework/provider/config/service.go:145.2,145.15 1 1
github.com/ngq/gorp/framework/provider/config/service.go:145.15,147.45 2 1
github.com/ngq/gorp/framework/provider/config/service.go:147.45,149.18 2 1
github.com/ngq/gorp/framework/provider/config/service.go:149.18,151.5 1 0
github.com/ngq/gorp/framework/provider/config/service.go:152.4,152.60 1 1
github.com/ngq/gorp/framework/provider/config/service.go:152.60,154.5 1 0
github.com/ngq/gorp/framework/provider/config/service.go:158.3,159.53 2 1
github.com/ngq/gorp/framework/provider/config/service.go:159.53,161.30 2 1
github.com/ngq/gorp/framework/provider/config/service.go:161.30,162.18 1 1
github.com/ngq/gorp/framework/provider/config/service.go:162.18,163.14 1 0
github.com/ngq/gorp/framework/provider/config/service.go:165.5,166.42 2 1
github.com/ngq/gorp/framework/provider/config/service.go:166.42,167.14 1 0
github.com/ngq/gorp/framework/provider/config/service.go:169.5,169.55 1 1
github.com/ngq/gorp/framework/provider/config/service.go:171.4,172.28 2 1
github.com/ngq/gorp/framework/provider/config/service.go:172.28,174.19 2 1
github.com/ngq/gorp/framework/provider/config/service.go:174.19,176.6 1 0
github.com/ngq/gorp/framework/provider/config/service.go:177.5,177.61 1 1
github.com/ngq/gorp/framework/provider/config/service.go:177.61,179.6 1 0
github.com/ngq/gorp/framework/provider/config/service.go:188.2,190.12 3 1
github.com/ngq/gorp/framework/provider/config/service.go:193.60,195.16 2 1
github.com/ngq/gorp/framework/provider/config/service.go:195.16,197.3 1 0
github.com/ngq/gorp/framework/provider/config/service.go:199.2,201.28 3 1
github.com/ngq/gorp/framework/provider/config/service.go:201.28,202.16 1 1
github.com/ngq/gorp/framework/provider/config/service.go:202.16,203.12 1 1
github.com/ngq/gorp/framework/provider/config/service.go:205.3,206.40 2 1
github.com/ngq/gorp/framework/provider/config/service.go:206.40,207.12 1 0
github.com/ngq/gorp/framework/provider/config/service.go:209.3,209.30 1 1
github.com/ngq/gorp/framework/provider/config/service.go:209.30,210.12 1 1
github.com/ngq/gorp/framework/provider/config/service.go:212.3,212.56 1 1
github.com/ngq/gorp/framework/provider/config/service.go:215.2,218.41 3 1
github.com/ngq/gorp/framework/provider/config/service.go:218.41,220.3 1 0
github.com/ngq/gorp/framework/provider/config/service.go:221.2,221.19 1 1
github.com/ngq/gorp/framework/provider/config/service.go:224.41,225.20 1 1
github.com/ngq/gorp/framework/provider/config/service.go:225.20,226.17 1 1
github.com/ngq/gorp/framework/provider/config/service.go:226.17,228.4 1 1
github.com/ngq/gorp/framework/provider/config/service.go:230.2,230.11 1 0
github.com/ngq/gorp/framework/provider/config/service.go:235.56,237.16 2 1
github.com/ngq/gorp/framework/provider/config/service.go:237.16,239.3 1 0
github.com/ngq/gorp/framework/provider/config/service.go:240.2,240.66 1 1
github.com/ngq/gorp/framework/provider/config/service.go:240.66,243.10 3 1
github.com/ngq/gorp/framework/provider/config/service.go:243.10,246.4 1 0
github.com/ngq/gorp/framework/provider/config/service.go:247.3,247.21 1 1
github.com/ngq/gorp/framework/provider/config/service.go:249.2,249.53 1 1
github.com/ngq/gorp/framework/provider/config/service.go:249.53,251.3 1 0
github.com/ngq/gorp/framework/provider/config/service.go:252.2,252.17 1 1
github.com/ngq/gorp/framework/provider/config/service.go:255.27,256.71 1 1
github.com/ngq/gorp/framework/provider/config/service.go:256.71,257.27 1 1
github.com/ngq/gorp/framework/provider/config/service.go:257.27,259.4 1 1
github.com/ngq/gorp/framework/provider/config/service.go:260.3,261.49 2 0
github.com/ngq/gorp/framework/provider/config/service.go:263.2,264.11 2 1
github.com/ngq/gorp/framework/provider/config/service.go:267.48,267.71 1 0
github.com/ngq/gorp/framework/provider/config/service.go:268.48,268.77 1 1
github.com/ngq/gorp/framework/provider/config/service.go:269.48,269.74 1 0
github.com/ngq/gorp/framework/provider/config/service.go:270.48,270.75 1 0
github.com/ngq/gorp/framework/provider/config/service.go:271.48,271.78 1 0
github.com/ngq/gorp/framework/provider/config/service.go:273.56,275.2 1 0
github.com/ngq/gorp/framework/provider/config/service.go:284.94,285.21 1 0
github.com/ngq/gorp/framework/provider/config/service.go:285.21,287.3 1 0
github.com/ngq/gorp/framework/provider/config/service.go:288.2,288.70 1 0
github.com/ngq/gorp/framework/provider/config/service.go:296.53,298.21 1 0
github.com/ngq/gorp/framework/provider/config/service.go:298.21,300.17 2 0
github.com/ngq/gorp/framework/provider/config/service.go:300.17,302.4 1 0
github.com/ngq/gorp/framework/provider/config/service.go:304.3,304.31 1 0
github.com/ngq/gorp/framework/provider/config/service.go:304.31,306.4 1 0
github.com/ngq/gorp/framework/provider/config/service.go:310.2,310.22 1 0
github.com/ngq/gorp/framework/provider/config/service.go:323.133,333.34 3 0
github.com/ngq/gorp/framework/provider/config/service.go:333.34,335.3 1 0
github.com/ngq/gorp/framework/provider/config/service.go:336.2,337.10 2 0
github.com/ngq/gorp/framework/provider/config/service.go:340.77,341.53 1 0
github.com/ngq/gorp/framework/provider/config/service.go:341.53,343.3 1 0
github.com/ngq/gorp/framework/provider/config/service.go:344.2,346.55 3 0
github.com/ngq/gorp/framework/provider/config/service.go:349.43,352.2 2 0
github.com/ngq/gorp/framework/provider/config/service.go:354.37,358.6 3 0
github.com/ngq/gorp/framework/provider/config/service.go:358.6,359.10 1 0
github.com/ngq/gorp/framework/provider/config/service.go:360.23,361.10 1 0
github.com/ngq/gorp/framework/provider/config/service.go:362.19,363.22 1 0
github.com/ngq/gorp/framework/provider/config/service.go:368.47,370.50 2 0
github.com/ngq/gorp/framework/provider/config/service.go:370.50,372.3 1 0
github.com/ngq/gorp/framework/provider/config/service.go:373.2,378.31 5 0
github.com/ngq/gorp/framework/provider/config/service.go:378.31,381.3 2 0
github.com/ngq/gorp/framework/provider/config/service.go:382.2,384.48 2 0
github.com/ngq/gorp/framework/provider/config/service.go:384.48,386.3 1 0
github.com/ngq/gorp/framework/provider/config/service.go:388.2,390.27 3 0
github.com/ngq/gorp/framework/provider/config/service.go:390.27,392.46 2 0
github.com/ngq/gorp/framework/provider/config/service.go:392.46,393.12 1 0
github.com/ngq/gorp/framework/provider/config/service.go:395.3,395.45 1 0
github.com/ngq/gorp/framework/provider/config/service.go:395.45,397.4 1 0
github.com/ngq/gorp/framework/provider/config/service.go:401.63,407.16 5 0
github.com/ngq/gorp/framework/provider/config/service.go:407.16,408.34 1 0
github.com/ngq/gorp/framework/provider/config/service.go:408.34,409.54 1 0
github.com/ngq/gorp/framework/provider/config/service.go:409.54,411.5 1 0
github.com/ngq/gorp/framework/provider/config/service.go:415.2,415.34 1 0
github.com/ngq/gorp/framework/provider/config/service.go:415.34,417.48 2 0
github.com/ngq/gorp/framework/provider/config/service.go:417.48,419.4 1 0
github.com/ngq/gorp/framework/provider/config/service.go:421.3,422.53 2 0
github.com/ngq/gorp/framework/provider/config/service.go:422.53,423.34 1 0
github.com/ngq/gorp/framework/provider/config/service.go:423.34,424.67 1 0
github.com/ngq/gorp/framework/provider/config/service.go:424.67,425.14 1 0
github.com/ngq/gorp/framework/provider/config/service.go:427.5,428.55 2 0
github.com/ngq/gorp/framework/provider/config/service.go:428.55,430.6 1 0
github.com/ngq/gorp/framework/provider/config/service.go:435.2,435.14 1 0
github.com/ngq/gorp/framework/provider/metadata/middleware/grpc.go:33.50,34.15 1 1
github.com/ngq/gorp/framework/provider/metadata/middleware/grpc.go:34.15,36.3 1 0
github.com/ngq/gorp/framework/provider/metadata/middleware/grpc.go:37.2,37.29 1 1
github.com/ngq/gorp/framework/provider/metadata/middleware/grpc.go:40.46,42.21 2 0
github.com/ngq/gorp/framework/provider/metadata/middleware/grpc.go:42.21,44.3 1 0
github.com/ngq/gorp/framework/provider/metadata/middleware/grpc.go:45.2,45.11 1 0
github.com/ngq/gorp/framework/provider/metadata/middleware/grpc.go:48.46,50.2 1 1
github.com/ngq/gorp/framework/provider/metadata/middleware/grpc.go:52.46,54.2 1 0
github.com/ngq/gorp/framework/provider/metadata/middleware/grpc.go:56.39,58.22 2 0
github.com/ngq/gorp/framework/provider/metadata/middleware/grpc.go:58.22,60.3 1 0
github.com/ngq/gorp/framework/provider/metadata/middleware/grpc.go:61.2,61.13 1 0
github.com/ngq/gorp/framework/provider/metadata/middleware/grpc.go:64.51,66.2 1 0
github.com/ngq/gorp/framework/provider/metadata/middleware/grpc.go:68.40,70.2 1 0
github.com/ngq/gorp/framework/provider/metadata/middleware/grpc.go:77.106,78.112 1 0
github.com/ngq/gorp/framework/provider/metadata/middleware/grpc.go:78.112,80.9 2 0
github.com/ngq/gorp/framework/provider/metadata/middleware/grpc.go:80.9,83.4 2 0
github.com/ngq/gorp/framework/provider/metadata/middleware/grpc.go:84.3,84.27 1 0
github.com/ngq/gorp/framework/provider/metadata/middleware/grpc.go:93.108,94.108 1 0
github.com/ngq/gorp/framework/provider/metadata/middleware/grpc.go:94.108,97.9 3 0
github.com/ngq/gorp/framework/provider/metadata/middleware/grpc.go:97.9,100.4 2 0
github.com/ngq/gorp/framework/provider/metadata/middleware/grpc.go:101.3,105.31 2 0
github.com/ngq/gorp/framework/provider/metadata/middleware/grpc.go:114.57,116.2 1 0
github.com/ngq/gorp/framework/provider/metadata/middleware/grpc.go:123.106,124.145 1 1
github.com/ngq/gorp/framework/provider/metadata/middleware/grpc.go:124.145,126.23 2 1
github.com/ngq/gorp/framework/provider/metadata/middleware/grpc.go:126.23,128.4 1 0
github.com/ngq/gorp/framework/provider/metadata/middleware/grpc.go:128.9,130.4 1 1
github.com/ngq/gorp/framework/provider/metadata/middleware/grpc.go:131.3,135.18 3 1
github.com/ngq/gorp/framework/provider/metadata/middleware/grpc.go:135.18,137.4 1 1
github.com/ngq/gorp/framework/provider/metadata/middleware/grpc.go:139.3,139.55 1 1
github.com/ngq/gorp/framework/provider/metadata/middleware/grpc.go:148.108,149.170 1 0
github.com/ngq/gorp/framework/provider/metadata/middleware/grpc.go:149.170,151.23 2 0
github.com/ngq/gorp/framework/provider/metadata/middleware/grpc.go:151.23,153.4 1 0
github.com/ngq/gorp/framework/provider/metadata/middleware/grpc.go:153.9,155.4 1 0
github.com/ngq/gorp/framework/provider/metadata/middleware/grpc.go:156.3,160.18 3 0
github.com/ngq/gorp/framework/provider/metadata/middleware/grpc.go:160.18,162.4 1 0
github.com/ngq/gorp/framework/provider/metadata/middleware/grpc.go:164.3,164.50 1 0
github.com/ngq/gorp/framework/provider/metadata/middleware/grpc.go:173.55,174.53 1 0
github.com/ngq/gorp/framework/provider/metadata/middleware/grpc.go:174.53,176.3 1 0
github.com/ngq/gorp/framework/provider/metadata/middleware/grpc.go:177.2,178.11 2 0
github.com/ngq/gorp/framework/provider/metadata/middleware/http.go:33.53,35.2 1 1
github.com/ngq/gorp/framework/provider/metadata/middleware/http.go:37.48,39.2 1 1
github.com/ngq/gorp/framework/provider/metadata/middleware/http.go:41.48,43.2 1 0
github.com/ngq/gorp/framework/provider/metadata/middleware/http.go:45.48,47.2 1 0
github.com/ngq/gorp/framework/provider/metadata/middleware/http.go:49.41,51.26 2 0
github.com/ngq/gorp/framework/provider/metadata/middleware/http.go:51.26,53.3 1 0
github.com/ngq/gorp/framework/provider/metadata/middleware/http.go:54.2,54.13 1 0
github.com/ngq/gorp/framework/provider/metadata/middleware/http.go:57.53,59.2 1 0
github.com/ngq/gorp/framework/provider/metadata/middleware/http.go:66.107,67.80 1 1
github.com/ngq/gorp/framework/provider/metadata/middleware/http.go:67.80,68.48 1 1
github.com/ngq/gorp/framework/provider/metadata/middleware/http.go:68.48,72.19 4 1
github.com/ngq/gorp/framework/provider/metadata/middleware/http.go:72.19,74.5 1 1
github.com/ngq/gorp/framework/provider/metadata/middleware/http.go:93.93,95.2 1 0
github.com/ngq/gorp/framework/provider/metadata/middleware/http.go:102.54,105.2 2 0
github.com/ngq/gorp/framework/provider/metadata/middleware/http.go:107.74,109.2 1 0
github.com/ngq/gorp/framework/provider/metadata/middleware/http.go:111.73,112.46 1 0
github.com/ngq/gorp/framework/provider/metadata/middleware/http.go:112.46,113.51 1 0
github.com/ngq/gorp/framework/provider/metadata/middleware/http.go:113.51,115.4 1 0
github.com/ngq/gorp/framework/provider/metadata/middleware/http.go:117.2,117.12 1 0
github.com/ngq/gorp/framework/provider/metadata/middleware/http.go:120.77,121.60 1 1
github.com/ngq/gorp/framework/provider/metadata/middleware/http.go:121.60,123.3 1 1
github.com/ngq/gorp/framework/provider/metadata/middleware/http.go:124.2,124.49 1 0
github.com/ngq/gorp/framework/provider/metadata/middleware/http.go:127.61,128.39 1 1
github.com/ngq/gorp/framework/provider/metadata/middleware/http.go:128.39,130.3 1 1
github.com/ngq/gorp/framework/provider/metadata/middleware/http.go:131.2,131.11 1 0
github.com/ngq/gorp/framework/provider/gin/adapter.go:27.83,29.2 1 1
github.com/ngq/gorp/framework/provider/gin/adapter.go:36.74,38.2 1 0
github.com/ngq/gorp/framework/provider/gin/adapter.go:43.83,44.32 1 1
github.com/ngq/gorp/framework/provider/gin/adapter.go:44.32,45.24 1 1
github.com/ngq/gorp/framework/provider/gin/adapter.go:45.24,48.4 2 0
github.com/ngq/gorp/framework/provider/gin/adapter.go:49.3,50.49 2 1
github.com/ngq/gorp/framework/provider/gin/adapter.go:50.49,51.38 1 1
github.com/ngq/gorp/framework/provider/gin/adapter.go:51.38,53.5 1 1
github.com/ngq/gorp/framework/provider/gin/adapter.go:54.4,55.35 2 1
github.com/ngq/gorp/framework/provider/gin/adapter.go:57.3,58.21 2 1
github.com/ngq/gorp/framework/provider/gin/adapter.go:58.21,61.4 2 0
github.com/ngq/gorp/framework/provider/gin/adapter.go:62.3,63.34 2 1
github.com/ngq/gorp/framework/provider/gin/adapter.go:70.74,71.32 1 0
github.com/ngq/gorp/framework/provider/gin/adapter.go:71.32,72.21 1 0
github.com/ngq/gorp/framework/provider/gin/adapter.go:72.21,74.4 1 0
github.com/ngq/gorp/framework/provider/gin/adapter.go:75.3,75.31 1 0
github.com/ngq/gorp/framework/provider/gin/adapter.go:82.60,83.32 1 0
github.com/ngq/gorp/framework/provider/gin/adapter.go:83.32,85.3 1 0
github.com/ngq/gorp/framework/provider/gin/context.go:29.52,30.14 1 0
github.com/ngq/gorp/framework/provider/gin/context.go:30.14,32.3 1 0
github.com/ngq/gorp/framework/provider/gin/context.go:33.2,33.14 1 0
github.com/ngq/gorp/framework/provider/gin/context.go:39.69,41.16 2 1
github.com/ngq/gorp/framework/provider/gin/context.go:41.16,43.3 1 1
github.com/ngq/gorp/framework/provider/gin/context.go:44.2,44.44 1 1
github.com/ngq/gorp/framework/provider/gin/context.go:44.44,45.17 1 0
github.com/ngq/gorp/framework/provider/gin/context.go:45.17,47.4 1 0
github.com/ngq/gorp/framework/provider/gin/context.go:48.3,48.24 1 0
github.com/ngq/gorp/framework/provider/gin/context.go:50.2,50.44 1 1
github.com/ngq/gorp/framework/provider/gin/context.go:50.44,51.17 1 0
github.com/ngq/gorp/framework/provider/gin/context.go:51.17,53.4 1 0
github.com/ngq/gorp/framework/provider/gin/context.go:54.3,54.24 1 0
github.com/ngq/gorp/framework/provider/gin/context.go:56.2,56.65 1 1
github.com/ngq/gorp/framework/provider/gin/context.go:56.65,57.17 1 0
github.com/ngq/gorp/framework/provider/gin/context.go:57.17,59.4 1 0
github.com/ngq/gorp/framework/provider/gin/context.go:60.3,60.45 1 0
github.com/ngq/gorp/framework/provider/gin/context.go:62.2,62.46 1 1
github.com/ngq/gorp/framework/provider/gin/context.go:62.46,63.17 1 1
github.com/ngq/gorp/framework/provider/gin/context.go:63.17,65.4 1 0
github.com/ngq/gorp/framework/provider/gin/context.go:66.3,66.28 1 1
github.com/ngq/gorp/framework/provider/gin/context.go:67.29,68.17 1 1
github.com/ngq/gorp/framework/provider/gin/context.go:68.17,70.4 1 0
github.com/ngq/gorp/framework/provider/gin/context.go:71.3,71.25 1 1
github.com/ngq/gorp/framework/provider/gin/context.go:73.2,73.40 1 1
github.com/ngq/gorp/framework/provider/gin/context.go:73.40,74.17 1 0
github.com/ngq/gorp/framework/provider/gin/context.go:74.17,76.4 1 0
github.com/ngq/gorp/framework/provider/gin/context.go:77.3,77.33 1 0
github.com/ngq/gorp/framework/provider/gin/context.go:78.25,79.17 1 0
github.com/ngq/gorp/framework/provider/gin/context.go:79.17,81.4 1 0
github.com/ngq/gorp/framework/provider/gin/context.go:82.3,82.34 1 0
github.com/ngq/gorp/framework/provider/gin/context.go:83.25,84.17 1 0
github.com/ngq/gorp/framework/provider/gin/context.go:84.17,86.4 1 0
github.com/ngq/gorp/framework/provider/gin/context.go:87.3,87.29 1 0
github.com/ngq/gorp/framework/provider/gin/context.go:89.2,89.51 1 1
github.com/ngq/gorp/framework/provider/gin/context.go:89.51,90.17 1 0
github.com/ngq/gorp/framework/provider/gin/context.go:90.17,92.4 1 0
github.com/ngq/gorp/framework/provider/gin/context.go:93.3,93.25 1 0
github.com/ngq/gorp/framework/provider/gin/context.go:94.35,95.17 1 1
github.com/ngq/gorp/framework/provider/gin/context.go:95.17,97.4 1 0
github.com/ngq/gorp/framework/provider/gin/context.go:98.3,98.27 1 1
github.com/ngq/gorp/framework/provider/gin/context.go:99.32,100.17 1 1
github.com/ngq/gorp/framework/provider/gin/context.go:100.17,102.4 1 0
github.com/ngq/gorp/framework/provider/gin/context.go:103.3,103.24 1 1
github.com/ngq/gorp/framework/provider/gin/context.go:104.55,105.17 1 1
github.com/ngq/gorp/framework/provider/gin/context.go:105.17,107.4 1 0
github.com/ngq/gorp/framework/provider/gin/context.go:108.3,108.38 1 1
github.com/ngq/gorp/framework/provider/gin/context.go:109.39,110.17 1 1
github.com/ngq/gorp/framework/provider/gin/context.go:110.17,112.4 1 0
github.com/ngq/gorp/framework/provider/gin/context.go:113.3,113.33 1 1
github.com/ngq/gorp/framework/provider/gin/context.go:114.20,115.17 1 0
[...]
github.com/ngq/gorp/framework/provider/proto/validation.go:159.2,160.29 2 0
github.com/ngq/gorp/framework/provider/proto/validation.go:160.29,162.40 2 0
github.com/ngq/gorp/framework/provider/proto/validation.go:162.40,163.12 1 0
github.com/ngq/gorp/framework/provider/proto/validation.go:166.3,167.22 2 0
github.com/ngq/gorp/framework/provider/proto/validation.go:167.22,169.4 1 0
github.com/ngq/gorp/framework/provider/proto/validation.go:172.2,172.14 1 0
github.com/ngq/gorp/framework/provider/proto/validation.go:176.103,177.33 1 0
github.com/ngq/gorp/framework/provider/proto/validation.go:177.33,182.14 4 0
github.com/ngq/gorp/framework/provider/proto/validation.go:183.14,184.51 1 0
github.com/ngq/gorp/framework/provider/proto/validation.go:184.51,186.5 1 0
github.com/ngq/gorp/framework/provider/proto/validation.go:187.14,188.51 1 0
github.com/ngq/gorp/framework/provider/proto/validation.go:188.51,190.5 1 0
github.com/ngq/gorp/framework/provider/proto/validation.go:191.14,192.51 1 0
github.com/ngq/gorp/framework/provider/proto/validation.go:192.51,194.5 1 0
github.com/ngq/gorp/framework/provider/proto/validation.go:195.26,196.61 1 0
github.com/ngq/gorp/framework/provider/proto/validation.go:196.61,198.5 1 0
github.com/ngq/gorp/framework/provider/proto/validation.go:199.26,200.61 1 0
github.com/ngq/gorp/framework/provider/proto/validation.go:200.61,202.5 1 0
github.com/ngq/gorp/framework/provider/proto/validation.go:203.13,204.61 1 0
github.com/ngq/gorp/framework/provider/proto/validation.go:204.61,206.5 1 0
github.com/ngq/gorp/framework/provider/proto/validation.go:207.13,208.61 1 0
github.com/ngq/gorp/framework/provider/proto/validation.go:208.61,210.5 1 0
github.com/ngq/gorp/framework/provider/proto/validation.go:211.16,212.91 1 0
github.com/ngq/gorp/framework/provider/proto/validation.go:213.22,214.95 1 0
github.com/ngq/gorp/framework/provider/proto/validation.go:215.17,216.74 1 0
github.com/ngq/gorp/framework/provider/proto/validation.go:217.19,218.77 1 0
github.com/ngq/gorp/framework/provider/proto/validation.go:219.19,220.81 1 0
github.com/ngq/gorp/framework/provider/proto/validation.go:221.21,222.75 1 0
github.com/ngq/gorp/framework/provider/proto/validation.go:223.19,224.75 1 0
github.com/ngq/gorp/framework/provider/proto/validation.go:225.19,226.76 1 0
github.com/ngq/gorp/framework/provider/proto/validation.go:231.2,231.14 1 0
github.com/ngq/gorp/framework/provider/proto/validation.go:232.18,233.75 1 0
github.com/ngq/gorp/framework/provider/proto/validation.go:234.15,235.72 1 0
github.com/ngq/gorp/framework/provider/proto/validation.go:236.13,237.70 1 0
github.com/ngq/gorp/framework/provider/proto/validation.go:238.14,239.71 1 0
github.com/ngq/gorp/framework/provider/proto/validation.go:240.15,241.72 1 0
github.com/ngq/gorp/framework/provider/proto/validation.go:242.15,243.72 1 0
github.com/ngq/gorp/framework/provider/proto/validation.go:244.15,245.86 1 0
github.com/ngq/gorp/framework/provider/proto/validation.go:246.20,247.86 1 0
github.com/ngq/gorp/framework/provider/proto/validation.go:248.18,249.86 1 0
github.com/ngq/gorp/framework/provider/proto/validation.go:250.15,251.83 1 0
github.com/ngq/gorp/framework/provider/proto/validation.go:252.17,253.80 1 0
github.com/ngq/gorp/framework/provider/proto/validation.go:254.16,255.90 1 0
github.com/ngq/gorp/framework/provider/proto/validation.go:256.21,257.86 1 0
github.com/ngq/gorp/framework/provider/proto/validation.go:258.18,259.106 1 0
github.com/ngq/gorp/framework/provider/proto/validation.go:260.13,261.139 1 0
github.com/ngq/gorp/framework/provider/proto/validation.go:262.14,263.164 1 0
github.com/ngq/gorp/framework/provider/proto/validation.go:264.13,265.141 1 0
github.com/ngq/gorp/framework/provider/proto/validation.go:266.14,267.166 1 0
github.com/ngq/gorp/framework/provider/proto/validation.go:268.14,269.102 1 0
github.com/ngq/gorp/framework/provider/proto/validation.go:270.14,271.91 1 0
github.com/ngq/gorp/framework/provider/proto/validation.go:272.16,273.136 1 0
github.com/ngq/gorp/framework/provider/proto/validation.go:276.2,276.45 1 0
github.com/ngq/gorp/framework/provider/proto/validation.go:280.74,284.22 3 0
github.com/ngq/gorp/framework/provider/proto/validation.go:284.22,286.3 1 0
github.com/ngq/gorp/framework/provider/proto/validation.go:287.2,287.11 1 0
github.com/ngq/gorp/framework/provider/proto/validation.go:295.99,296.21 1 0
github.com/ngq/gorp/framework/provider/proto/validation.go:296.21,298.3 1 0
github.com/ngq/gorp/framework/provider/proto/validation.go:300.2,302.29 2 0
github.com/ngq/gorp/framework/provider/proto/validation.go:302.29,304.22 2 0
github.com/ngq/gorp/framework/provider/proto/validation.go:304.22,306.4 1 0
github.com/ngq/gorp/framework/provider/proto/validation.go:309.2,309.21 1 0
github.com/ngq/gorp/framework/provider/proto/validation.go:309.21,311.3 1 0
github.com/ngq/gorp/framework/provider/proto/validation.go:313.2,313.82 1 0
github.com/ngq/gorp/framework/provider/proto/validation.go:317.119,320.19 2 0
github.com/ngq/gorp/framework/provider/proto/validation.go:321.16,322.24 1 0
github.com/ngq/gorp/framework/provider/proto/validation.go:323.51,324.23 1 0
github.com/ngq/gorp/framework/provider/proto/validation.go:325.47,326.24 1 0
github.com/ngq/gorp/framework/provider/proto/validation.go:327.14,328.22 1 0
github.com/ngq/gorp/framework/provider/proto/validation.go:329.15,330.23 1 0
github.com/ngq/gorp/framework/provider/proto/validation.go:331.10,332.24 1 0
github.com/ngq/gorp/framework/provider/proto/validation.go:335.2,335.19 1 0
github.com/ngq/gorp/framework/provider/proto/validation.go:336.18,337.26 1 0
github.com/ngq/gorp/framework/provider/proto/validation.go:338.15,339.51 1 0
github.com/ngq/gorp/framework/provider/proto/validation.go:340.20,341.49 1 0
github.com/ngq/gorp/framework/provider/proto/validation.go:342.14,343.50 1 0
github.com/ngq/gorp/framework/provider/proto/validation.go:344.17,345.38 1 0
github.com/ngq/gorp/framework/provider/proto/validation.go:345.38,347.4 1 0
github.com/ngq/gorp/framework/provider/proto/validation.go:348.17,349.38 1 0
github.com/ngq/gorp/framework/provider/proto/validation.go:349.38,351.4 1 0
github.com/ngq/gorp/framework/provider/proto/validation.go:352.13,353.38 1 0
github.com/ngq/gorp/framework/provider/proto/validation.go:353.38,355.4 1 0
github.com/ngq/gorp/framework/provider/proto/validation.go:356.13,357.42 1 0
github.com/ngq/gorp/framework/provider/proto/validation.go:357.42,359.4 1 0
github.com/ngq/gorp/framework/provider/proto/validation.go:360.13,361.42 1 0
github.com/ngq/gorp/framework/provider/proto/validation.go:361.42,363.4 1 0
github.com/ngq/gorp/framework/provider/proto/validation.go:364.12,365.42 1 0
github.com/ngq/gorp/framework/provider/proto/validation.go:365.42,367.4 1 0
github.com/ngq/gorp/framework/provider/proto/validation.go:368.12,369.42 1 0
github.com/ngq/gorp/framework/provider/proto/validation.go:369.42,371.4 1 0
github.com/ngq/gorp/framework/provider/proto/validation.go:372.17,373.45 1 0
github.com/ngq/gorp/framework/provider/proto/validation.go:373.45,375.4 1 0
github.com/ngq/gorp/framework/provider/proto/validation.go:376.16,377.44 1 0
github.com/ngq/gorp/framework/provider/proto/validation.go:377.44,379.4 1 0
github.com/ngq/gorp/framework/provider/proto/validation.go:380.16,381.44 1 0
github.com/ngq/gorp/framework/provider/proto/validation.go:381.44,383.4 1 0
github.com/ngq/gorp/framework/provider/proto/validation.go:384.18,385.44 1 0
github.com/ngq/gorp/framework/provider/proto/validation.go:385.44,387.4 1 0
github.com/ngq/gorp/framework/provider/proto/validation.go:388.22,389.44 1 0
github.com/ngq/gorp/framework/provider/proto/validation.go:389.44,391.4 1 0
github.com/ngq/gorp/framework/provider/proto/validation.go:392.12,393.46 1 0
github.com/ngq/gorp/framework/provider/proto/validation.go:393.46,395.4 1 0
github.com/ngq/gorp/framework/provider/proto/validation.go:396.16,397.46 1 0
github.com/ngq/gorp/framework/provider/proto/validation.go:397.46,399.4 1 0
github.com/ngq/gorp/framework/provider/proto/validation.go:402.2,402.11 1 0
github.com/ngq/gorp/framework/provider/outbox/memory.go:37.118,43.2 1 1
github.com/ngq/gorp/framework/provider/outbox/memory.go:50.91,66.2 6 1
github.com/ngq/gorp/framework/provider/outbox/memory.go:73.95,87.2 5 1
github.com/ngq/gorp/framework/provider/outbox/memory.go:94.59,97.33 3 1
github.com/ngq/gorp/framework/provider/outbox/memory.go:97.33,98.118 1 1
github.com/ngq/gorp/framework/provider/outbox/memory.go:98.118,100.4 1 1
github.com/ngq/gorp/framework/provider/outbox/memory.go:102.2,104.23 2 1
github.com/ngq/gorp/framework/provider/outbox/memory.go:104.23,106.3 1 1
github.com/ngq/gorp/framework/provider/outbox/memory.go:108.2,108.21 1 1
github.com/ngq/gorp/framework/provider/outbox/memory.go:108.21,110.3 1 1
github.com/ngq/gorp/framework/provider/outbox/memory.go:112.2,112.30 1 1
github.com/ngq/gorp/framework/provider/outbox/memory.go:112.30,113.44 1 1
github.com/ngq/gorp/framework/provider/outbox/memory.go:113.44,115.39 2 1
github.com/ngq/gorp/framework/provider/outbox/memory.go:115.39,117.5 1 1
github.com/ngq/gorp/framework/provider/outbox/memory.go:118.4,119.12 2 1
github.com/ngq/gorp/framework/provider/outbox/memory.go:122.3,122.49 1 1
github.com/ngq/gorp/framework/provider/outbox/memory.go:122.49,124.39 2 1
github.com/ngq/gorp/framework/provider/outbox/memory.go:124.39,127.44 3 1
github.com/ngq/gorp/framework/provider/outbox/memory.go:127.44,129.6 1 1
github.com/ngq/gorp/framework/provider/outbox/memory.go:129.11,131.6 1 1
github.com/ngq/gorp/framework/provider/outbox/memory.go:133.4,134.12 2 1
github.com/ngq/gorp/framework/provider/outbox/memory.go:137.3,139.38 3 1
github.com/ngq/gorp/framework/provider/outbox/memory.go:139.38,142.4 2 1
github.com/ngq/gorp/framework/provider/outbox/memory.go:143.3,143.16 1 1
github.com/ngq/gorp/framework/provider/outbox/memory.go:146.2,146.12 1 1
github.com/ngq/gorp/framework/provider/outbox/memory.go:159.48,163.2 1 1
github.com/ngq/gorp/framework/provider/outbox/memory.go:165.101,170.2 4 1
github.com/ngq/gorp/framework/provider/outbox/memory.go:172.118,177.33 4 1
github.com/ngq/gorp/framework/provider/outbox/memory.go:177.33,178.118 1 1
github.com/ngq/gorp/framework/provider/outbox/memory.go:178.118,180.28 2 1
github.com/ngq/gorp/framework/provider/outbox/memory.go:180.28,181.10 1 1
github.com/ngq/gorp/framework/provider/outbox/memory.go:185.2,185.20 1 1
github.com/ngq/gorp/framework/provider/outbox/memory.go:188.76,191.35 3 1
github.com/ngq/gorp/framework/provider/outbox/memory.go:191.35,195.3 3 1
github.com/ngq/gorp/framework/provider/outbox/memory.go:196.2,196.12 1 1
github.com/ngq/gorp/framework/provider/outbox/memory.go:199.89,202.35 3 1
github.com/ngq/gorp/framework/provider/outbox/memory.go:202.35,205.3 2 1
github.com/ngq/gorp/framework/provider/outbox/memory.go:206.2,206.12 1 1
github.com/ngq/gorp/framework/provider/configsource/noop/provider.go:26.30,26.52 1 0
github.com/ngq/gorp/framework/provider/configsource/noop/provider.go:31.34,31.64 1 0
github.com/ngq/gorp/framework/provider/configsource/noop/provider.go:36.35,36.50 1 0
github.com/ngq/gorp/framework/provider/configsource/noop/provider.go:41.40,41.89 1 0
github.com/ngq/gorp/framework/provider/configsource/noop/provider.go:46.64,47.86 1 0
github.com/ngq/gorp/framework/provider/configsource/noop/provider.go:47.86,49.3 1 0
github.com/ngq/gorp/framework/provider/configsource/noop/provider.go:50.2,50.12 1 0
github.com/ngq/gorp/framework/provider/configsource/noop/provider.go:56.58,56.72 1 0
github.com/ngq/gorp/framework/provider/configsource/noop/provider.go:66.76,68.2 1 0
github.com/ngq/gorp/framework/provider/configsource/noop/provider.go:73.74,75.2 1 0
github.com/ngq/gorp/framework/provider/configsource/noop/provider.go:80.74,82.2 1 0
github.com/ngq/gorp/framework/provider/configsource/noop/provider.go:87.99,89.2 1 0
github.com/ngq/gorp/framework/provider/configsource/noop/provider.go:94.42,94.56 1 0
github.com/ngq/gorp/framework/provider/discovery/noop/provider.go:25.30,25.52 1 0
github.com/ngq/gorp/framework/provider/discovery/noop/provider.go:30.34,30.61 1 0
github.com/ngq/gorp/framework/provider/discovery/noop/provider.go:35.35,35.50 1 0
github.com/ngq/gorp/framework/provider/discovery/noop/provider.go:40.40,40.93 1 0
github.com/ngq/gorp/framework/provider/discovery/noop/provider.go:45.64,46.90 1 0
github.com/ngq/gorp/framework/provider/discovery/noop/provider.go:46.90,48.3 1 0
github.com/ngq/gorp/framework/provider/discovery/noop/provider.go:49.2,49.12 1 0
github.com/ngq/gorp/framework/provider/discovery/noop/provider.go:55.58,55.72 1 0
github.com/ngq/gorp/framework/provider/discovery/noop/provider.go:65.92,67.2 1 0
github.com/ngq/gorp/framework/provider/discovery/noop/provider.go:72.73,74.2 1 0
github.com/ngq/gorp/framework/provider/discovery/noop/provider.go:79.107,81.2 1 0
github.com/ngq/gorp/framework/provider/discovery/noop/provider.go:86.38,86.52 1 0
github.com/ngq/gorp/framework/provider/ssh/provider.go:25.30,25.52 1 0
github.com/ngq/gorp/framework/provider/ssh/provider.go:30.40,30.56 1 0
github.com/ngq/gorp/framework/provider/ssh/provider.go:37.40,37.55 1 0
github.com/ngq/gorp/framework/provider/ssh/provider.go:44.40,44.87 1 0
github.com/ngq/gorp/framework/provider/ssh/provider.go:51.64,52.84 1 0
github.com/ngq/gorp/framework/provider/ssh/provider.go:52.84,54.3 1 0
github.com/ngq/gorp/framework/provider/ssh/provider.go:55.2,55.12 1 0
github.com/ngq/gorp/framework/provider/ssh/provider.go:63.58,63.72 1 0
github.com/ngq/gorp/framework/provider/ssh/service.go:58.77,59.30 1 0
github.com/ngq/gorp/framework/provider/ssh/service.go:59.30,61.3 1 0
github.com/ngq/gorp/framework/provider/ssh/service.go:62.2,63.16 2 0
github.com/ngq/gorp/framework/provider/ssh/service.go:63.16,65.3 1 0
github.com/ngq/gorp/framework/provider/ssh/service.go:66.2,66.42 1 0
github.com/ngq/gorp/framework/provider/ssh/service.go:69.38,70.30 1 0
github.com/ngq/gorp/framework/provider/ssh/service.go:70.30,72.3 1 0
github.com/ngq/gorp/framework/provider/ssh/service.go:73.2,73.22 1 0
github.com/ngq/gorp/framework/provider/ssh/service.go:76.54,77.14 1 0
github.com/ngq/gorp/framework/provider/ssh/service.go:77.14,79.3 1 0
github.com/ngq/gorp/framework/provider/ssh/service.go:80.2,80.14 1 0
github.com/ngq/gorp/framework/provider/ssh/service.go:87.68,88.30 1 0
github.com/ngq/gorp/framework/provider/ssh/service.go:88.30,90.3 1 0
github.com/ngq/gorp/framework/provider/ssh/service.go:91.2,91.34 1 0
github.com/ngq/gorp/framework/provider/ssh/service.go:94.47,95.30 1 0
github.com/ngq/gorp/framework/provider/ssh/service.go:95.30,97.3 1 0
github.com/ngq/gorp/framework/provider/ssh/service.go:98.2,98.23 1 0
github.com/ngq/gorp/framework/provider/ssh/service.go:101.39,102.30 1 0
github.com/ngq/gorp/framework/provider/ssh/service.go:102.30,104.3 1 0
github.com/ngq/gorp/framework/provider/ssh/service.go:105.2,105.22 1 0
github.com/ngq/gorp/framework/provider/ssh/service.go:113.64,115.2 1 0
github.com/ngq/gorp/framework/provider/ssh/service.go:122.82,124.20 2 0
github.com/ngq/gorp/framework/provider/ssh/service.go:124.20,126.3 1 0
github.com/ngq/gorp/framework/provider/ssh/service.go:128.2,129.40 2 0
github.com/ngq/gorp/framework/provider/ssh/service.go:129.40,132.3 2 0
github.com/ngq/gorp/framework/provider/ssh/service.go:133.2,136.16 3 0
github.com/ngq/gorp/framework/provider/ssh/service.go:136.16,138.3 1 0
github.com/ngq/gorp/framework/provider/ssh/service.go:139.2,142.50 3 0
github.com/ngq/gorp/framework/provider/ssh/service.go:142.50,144.3 1 0
github.com/ngq/gorp/framework/provider/ssh/service.go:145.2,146.9 2 0
github.com/ngq/gorp/framework/provider/ssh/service.go:146.9,148.3 1 0
github.com/ngq/gorp/framework/provider/ssh/service.go:149.2,149.17 1 0
github.com/ngq/gorp/framework/provider/ssh/service.go:149.17,151.3 1 0
github.com/ngq/gorp/framework/provider/ssh/service.go:153.2,154.23 2 0
github.com/ngq/gorp/framework/provider/ssh/service.go:154.23,156.3 1 0
github.com/ngq/gorp/framework/provider/ssh/service.go:158.2,159.16 2 0
github.com/ngq/gorp/framework/provider/ssh/service.go:159.16,161.3 1 0
github.com/ngq/gorp/framework/provider/ssh/service.go:162.2,165.40 3 0
github.com/ngq/gorp/framework/provider/ssh/service.go:165.40,169.3 3 0
github.com/ngq/gorp/framework/provider/ssh/service.go:170.2,173.20 3 0
github.com/ngq/gorp/framework/provider/ssh/service.go:181.69,182.34 1 0
github.com/ngq/gorp/framework/provider/ssh/service.go:182.34,184.14 2 0
github.com/ngq/gorp/framework/provider/ssh/service.go:184.14,186.4 1 0
github.com/ngq/gorp/framework/provider/ssh/service.go:187.3,187.33 1 0
github.com/ngq/gorp/framework/provider/ssh/service.go:187.33,189.18 2 0
github.com/ngq/gorp/framework/provider/ssh/service.go:189.18,191.5 1 0
github.com/ngq/gorp/framework/provider/ssh/service.go:193.3,193.11 1 0
github.com/ngq/gorp/framework/provider/ssh/service.go:196.2,200.41 4 0
github.com/ngq/gorp/framework/provider/ssh/service.go:200.41,202.3 1 0
github.com/ngq/gorp/framework/provider/ssh/service.go:203.2,203.21 1 0
github.com/ngq/gorp/framework/provider/ssh/service.go:203.21,205.17 2 0
github.com/ngq/gorp/framework/provider/ssh/service.go:205.17,207.4 1 0
github.com/ngq/gorp/framework/provider/ssh/service.go:208.3,209.17 2 0
github.com/ngq/gorp/framework/provider/ssh/service.go:209.17,211.4 1 0
github.com/ngq/gorp/framework/provider/ssh/service.go:212.3,212.46 1 0
github.com/ngq/gorp/framework/provider/ssh/service.go:214.2,214.20 1 0
github.com/ngq/gorp/framework/provider/ssh/service.go:214.20,216.3 1 0
github.com/ngq/gorp/framework/provider/ssh/service.go:218.2,219.24 2 0
github.com/ngq/gorp/framework/provider/ssh/service.go:219.24,221.17 2 0
github.com/ngq/gorp/framework/provider/ssh/service.go:221.17,223.4 1 0
github.com/ngq/gorp/framework/provider/ssh/service.go:224.3,224.11 1 0
github.com/ngq/gorp/framework/provider/ssh/service.go:227.2,235.41 3 0
github.com/ngq/gorp/framework/provider/tracing/noop/provider.go:25.30,25.52 1 0
github.com/ngq/gorp/framework/provider/tracing/noop/provider.go:30.34,30.59 1 0
github.com/ngq/gorp/framework/provider/tracing/noop/provider.go:35.35,35.50 1 0
github.com/ngq/gorp/framework/provider/tracing/noop/provider.go:40.40,42.2 1 0
github.com/ngq/gorp/framework/provider/tracing/noop/provider.go:47.64,48.89 1 0
github.com/ngq/gorp/framework/provider/tracing/noop/provider.go:48.89,50.3 1 0
github.com/ngq/gorp/framework/provider/tracing/noop/provider.go:51.2,51.97 1 0
github.com/ngq/gorp/framework/provider/tracing/noop/provider.go:51.97,53.3 1 0
github.com/ngq/gorp/framework/provider/tracing/noop/provider.go:54.2,54.12 1 0
github.com/ngq/gorp/framework/provider/tracing/noop/provider.go:60.58,60.72 1 0
github.com/ngq/gorp/framework/provider/tracing/noop/provider.go:70.148,72.2 1 0
github.com/ngq/gorp/framework/provider/tracing/noop/provider.go:77.84,79.2 1 0
github.com/ngq/gorp/framework/provider/tracing/noop/provider.go:84.94,86.2 1 0
github.com/ngq/gorp/framework/provider/tracing/noop/provider.go:91.116,93.2 1 0
github.com/ngq/gorp/framework/provider/tracing/noop/provider.go:103.117,105.2 1 0
github.com/ngq/gorp/framework/provider/tracing/noop/provider.go:110.64,110.78 1 0
github.com/ngq/gorp/framework/provider/tracing/noop/provider.go:115.66,115.80 1 0
github.com/ngq/gorp/framework/provider/tracing/noop/provider.go:122.81,122.82 0 0
github.com/ngq/gorp/framework/provider/tracing/noop/provider.go:123.81,123.82 0 0
github.com/ngq/gorp/framework/provider/tracing/noop/provider.go:124.81,124.82 0 0
github.com/ngq/gorp/framework/provider/tracing/noop/provider.go:125.81,125.82 0 0
github.com/ngq/gorp/framework/provider/tracing/noop/provider.go:126.81,126.82 0 0
github.com/ngq/gorp/framework/provider/tracing/noop/provider.go:127.81,127.82 0 0
github.com/ngq/gorp/framework/provider/tracing/noop/provider.go:128.68,130.2 1 0
github.com/ngq/gorp/framework/provider/tracing/noop/provider.go:131.46,131.62 1 0
github.com/ngq/gorp/framework/provider/tracing/noop/provider.go:132.46,132.77 1 0
