mode: set
github.com/ngq/gorp/framework/container/app_service_helpers.go:23.74,26.16 3 1
github.com/ngq/gorp/framework/container/app_service_helpers.go:26.16,28.3 1 1
github.com/ngq/gorp/framework/container/app_service_helpers.go:29.2,30.9 2 1
github.com/ngq/gorp/framework/container/app_service_helpers.go:30.9,32.3 1 1
github.com/ngq/gorp/framework/container/app_service_helpers.go:33.2,33.19 1 1
github.com/ngq/gorp/framework/container/app_service_helpers.go:41.69,43.16 2 1
github.com/ngq/gorp/framework/container/app_service_helpers.go:43.16,44.13 1 1
github.com/ngq/gorp/framework/container/app_service_helpers.go:46.2,46.10 1 1
github.com/ngq/gorp/framework/container/app_service_helpers.go:54.85,57.16 3 1
github.com/ngq/gorp/framework/container/app_service_helpers.go:57.16,59.3 1 0
github.com/ngq/gorp/framework/container/app_service_helpers.go:60.2,61.9 2 1
github.com/ngq/gorp/framework/container/app_service_helpers.go:61.9,63.3 1 1
github.com/ngq/gorp/framework/container/app_service_helpers.go:64.2,64.19 1 1
github.com/ngq/gorp/framework/container/app_service_helpers.go:70.80,72.16 2 1
github.com/ngq/gorp/framework/container/app_service_helpers.go:72.16,73.13 1 0
github.com/ngq/gorp/framework/container/app_service_helpers.go:75.2,75.10 1 1
github.com/ngq/gorp/framework/container/app_service_helpers.go:81.80,84.16 3 1
github.com/ngq/gorp/framework/container/app_service_helpers.go:84.16,86.3 1 1
github.com/ngq/gorp/framework/container/app_service_helpers.go:87.2,88.9 2 1
github.com/ngq/gorp/framework/container/app_service_helpers.go:88.9,90.3 1 1
github.com/ngq/gorp/framework/container/app_service_helpers.go:91.2,91.17 1 1
github.com/ngq/gorp/framework/container/app_service_helpers.go:97.75,100.2 2 1
github.com/ngq/gorp/framework/container/auth_helpers.go:18.82,20.2 1 1
github.com/ngq/gorp/framework/container/config_helpers.go:18.75,20.2 1 1
github.com/ngq/gorp/framework/container/container.go:90.23,97.84 2 1
github.com/ngq/gorp/framework/container/container.go:97.84,99.3 1 1
github.com/ngq/gorp/framework/container/container.go:100.2,100.10 1 1
github.com/ngq/gorp/framework/container/container.go:108.87,111.42 3 1
github.com/ngq/gorp/framework/container/container.go:111.42,113.3 1 0
github.com/ngq/gorp/framework/container/container.go:114.2,114.68 1 1
github.com/ngq/gorp/framework/container/container.go:124.98,128.46 4 1
github.com/ngq/gorp/framework/container/container.go:128.46,130.3 1 0
github.com/ngq/gorp/framework/container/container.go:131.2,131.72 1 1
github.com/ngq/gorp/framework/container/container.go:137.45,141.8 4 1
github.com/ngq/gorp/framework/container/container.go:141.8,143.3 1 0
github.com/ngq/gorp/framework/container/container.go:145.2,148.11 4 1
github.com/ngq/gorp/framework/container/container.go:154.56,159.2 4 1
github.com/ngq/gorp/framework/container/container.go:164.79,166.16 2 1
github.com/ngq/gorp/framework/container/container.go:166.16,168.3 1 1
github.com/ngq/gorp/framework/container/container.go:170.2,171.50 2 1
github.com/ngq/gorp/framework/container/container.go:171.50,174.3 2 1
github.com/ngq/gorp/framework/container/container.go:175.2,179.17 4 1
github.com/ngq/gorp/framework/container/container.go:179.17,183.36 2 1
github.com/ngq/gorp/framework/container/container.go:183.36,184.50 1 1
github.com/ngq/gorp/framework/container/container.go:184.50,186.5 1 1
github.com/ngq/gorp/framework/container/container.go:188.3,189.13 2 1
github.com/ngq/gorp/framework/container/container.go:192.2,192.45 1 1
github.com/ngq/gorp/framework/container/container.go:192.45,194.3 1 0
github.com/ngq/gorp/framework/container/container.go:195.2,195.29 1 1
github.com/ngq/gorp/framework/container/container.go:205.51,206.24 1 1
github.com/ngq/gorp/framework/container/container.go:206.24,208.3 1 1
github.com/ngq/gorp/framework/container/container.go:210.2,210.52 1 1
github.com/ngq/gorp/framework/container/container.go:210.52,212.3 1 0
github.com/ngq/gorp/framework/container/container.go:214.2,217.9 4 1
github.com/ngq/gorp/framework/container/container.go:217.9,219.3 1 1
github.com/ngq/gorp/framework/container/container.go:221.2,221.33 1 1
github.com/ngq/gorp/framework/container/container.go:231.62,232.24 1 1
github.com/ngq/gorp/framework/container/container.go:232.24,234.3 1 1
github.com/ngq/gorp/framework/container/container.go:236.2,239.9 4 1
github.com/ngq/gorp/framework/container/container.go:239.9,241.3 1 1
github.com/ngq/gorp/framework/container/container.go:243.2,243.61 1 1
github.com/ngq/gorp/framework/container/container.go:249.46,251.16 2 1
github.com/ngq/gorp/framework/container/container.go:251.16,252.13 1 1
github.com/ngq/gorp/framework/container/container.go:254.2,254.10 1 1
github.com/ngq/gorp/framework/container/container.go:260.57,262.16 2 1
github.com/ngq/gorp/framework/container/container.go:262.16,263.13 1 1
github.com/ngq/gorp/framework/container/container.go:265.2,265.10 1 1
github.com/ngq/gorp/framework/container/container.go:273.66,277.2 3 1
github.com/ngq/gorp/framework/container/container.go:284.37,285.46 1 1
github.com/ngq/gorp/framework/container/container.go:285.46,287.3 1 1
github.com/ngq/gorp/framework/container/container.go:289.2,297.41 6 1
github.com/ngq/gorp/framework/container/container.go:297.41,298.51 1 1
github.com/ngq/gorp/framework/container/container.go:298.51,300.4 1 1
github.com/ngq/gorp/framework/container/container.go:302.2,302.29 1 1
github.com/ngq/gorp/framework/container/container.go:308.74,312.39 4 1
github.com/ngq/gorp/framework/container/container.go:312.39,319.3 1 1
github.com/ngq/gorp/framework/container/container.go:320.2,320.40 1 1
github.com/ngq/gorp/framework/container/container.go:320.40,320.80 1 0
github.com/ngq/gorp/framework/container/container.go:321.2,321.14 1 1
github.com/ngq/gorp/framework/container/container.go:327.41,334.28 6 1
github.com/ngq/gorp/framework/container/container.go:334.28,336.3 1 1
github.com/ngq/gorp/framework/container/container.go:337.2,338.25 2 1
github.com/ngq/gorp/framework/container/container.go:338.25,341.18 3 1
github.com/ngq/gorp/framework/container/container.go:341.18,343.4 1 1
github.com/ngq/gorp/framework/container/container.go:344.3,344.44 1 1
github.com/ngq/gorp/framework/container/container.go:347.2,349.34 3 1
github.com/ngq/gorp/framework/container/container.go:349.34,351.3 1 1
github.com/ngq/gorp/framework/container/container.go:352.2,352.38 1 1
github.com/ngq/gorp/framework/container/container.go:352.38,353.33 1 0
github.com/ngq/gorp/framework/container/container.go:353.33,355.4 1 0
github.com/ngq/gorp/framework/container/container.go:356.3,356.33 1 0
github.com/ngq/gorp/framework/container/container.go:358.2,358.25 1 1
github.com/ngq/gorp/framework/container/container.go:358.25,361.18 3 1
github.com/ngq/gorp/framework/container/container.go:361.18,363.4 1 1
github.com/ngq/gorp/framework/container/container.go:364.3,364.61 1 1
github.com/ngq/gorp/framework/container/container.go:367.2,369.38 3 1
github.com/ngq/gorp/framework/container/container.go:369.38,371.3 1 1
github.com/ngq/gorp/framework/container/container.go:372.2,373.30 2 1
github.com/ngq/gorp/framework/container/container.go:373.30,376.3 2 1
github.com/ngq/gorp/framework/container/container.go:378.2,380.33 3 1
github.com/ngq/gorp/framework/container/container.go:380.33,382.3 1 1
github.com/ngq/gorp/framework/container/container.go:383.2,384.26 2 1
github.com/ngq/gorp/framework/container/container.go:384.26,386.3 1 1
github.com/ngq/gorp/framework/container/container.go:388.2,389.31 2 1
github.com/ngq/gorp/framework/container/container.go:389.31,391.3 1 1
github.com/ngq/gorp/framework/container/container.go:393.2,396.21 3 1
github.com/ngq/gorp/framework/container/container.go:402.91,403.30 1 1
github.com/ngq/gorp/framework/container/container.go:403.30,404.47 1 1
github.com/ngq/gorp/framework/container/container.go:404.47,406.4 1 1
github.com/ngq/gorp/framework/container/container.go:408.2,408.12 1 1
github.com/ngq/gorp/framework/container/container.go:414.73,415.18 1 1
github.com/ngq/gorp/framework/container/container.go:415.18,416.56 1 1
github.com/ngq/gorp/framework/container/container.go:416.56,418.4 1 1
github.com/ngq/gorp/framework/container/container.go:419.3,422.22 4 1
github.com/ngq/gorp/framework/container/container.go:427.2,427.55 1 1
github.com/ngq/gorp/framework/container/container.go:427.55,429.3 1 1
github.com/ngq/gorp/framework/container/container.go:433.2,434.40 2 1
github.com/ngq/gorp/framework/container/container.go:435.23,437.23 2 0
github.com/ngq/gorp/framework/container/container.go:439.24,447.56 3 1
github.com/ngq/gorp/framework/container/container.go:447.56,449.4 1 1
github.com/ngq/gorp/framework/container/container.go:453.3,454.23 2 1
github.com/ngq/gorp/framework/container/container.go:456.10,477.19 14 1
github.com/ngq/gorp/framework/container/container.go:484.60,485.40 1 1
github.com/ngq/gorp/framework/container/container.go:485.40,487.3 1 1
github.com/ngq/gorp/framework/container/container.go:488.2,490.27 3 1
github.com/ngq/gorp/framework/container/container.go:496.63,498.47 2 1
github.com/ngq/gorp/framework/container/container.go:498.47,500.39 2 1
github.com/ngq/gorp/framework/container/container.go:500.39,501.27 1 1
github.com/ngq/gorp/framework/container/container.go:501.27,504.5 2 1
github.com/ngq/gorp/framework/container/container.go:507.2,507.12 1 1
github.com/ngq/gorp/framework/container/container.go:513.62,516.2 2 1
github.com/ngq/gorp/framework/container/container.go:521.49,523.9 2 1
github.com/ngq/gorp/framework/container/container.go:523.9,525.3 1 0
github.com/ngq/gorp/framework/container/container.go:526.2,528.22 3 1
github.com/ngq/gorp/framework/container/container.go:528.22,530.3 1 1
github.com/ngq/gorp/framework/container/container.go:533.60,537.9 4 1
github.com/ngq/gorp/framework/container/container.go:537.9,539.3 1 1
github.com/ngq/gorp/framework/container/container.go:540.2,540.53 1 1
github.com/ngq/gorp/framework/container/container.go:540.53,542.3 1 0
github.com/ngq/gorp/framework/container/container.go:543.2,543.37 1 1
github.com/ngq/gorp/framework/container/container.go:546.53,550.9 4 1
github.com/ngq/gorp/framework/container/container.go:550.9,552.3 1 0
github.com/ngq/gorp/framework/container/container.go:554.2,555.15 2 1
github.com/ngq/gorp/framework/container/container.go:555.15,558.3 2 1
github.com/ngq/gorp/framework/container/container.go:559.2,561.41 2 1
github.com/ngq/gorp/framework/container/container.go:561.41,563.3 1 1
github.com/ngq/gorp/framework/container/container.go:565.2,568.12 4 1
github.com/ngq/gorp/framework/container/container.go:571.53,575.9 4 1
github.com/ngq/gorp/framework/container/container.go:575.9,577.3 1 0
github.com/ngq/gorp/framework/container/container.go:579.2,580.15 2 1
github.com/ngq/gorp/framework/container/container.go:580.15,583.3 2 1
github.com/ngq/gorp/framework/container/container.go:584.2,586.37 2 1
github.com/ngq/gorp/framework/container/container.go:586.37,588.3 1 1
github.com/ngq/gorp/framework/container/container.go:590.2,593.12 4 1
github.com/ngq/gorp/framework/container/container.go:601.27,607.35 5 1
github.com/ngq/gorp/framework/container/container.go:607.35,609.3 1 0
github.com/ngq/gorp/framework/container/container.go:610.2,612.13 3 1
github.com/ngq/gorp/framework/container/container.go:612.13,614.3 1 0
github.com/ngq/gorp/framework/container/container.go:615.2,616.11 2 1
github.com/ngq/gorp/framework/container/providers.go:20.46,25.38 4 1
github.com/ngq/gorp/framework/container/providers.go:25.38,27.3 1 1
github.com/ngq/gorp/framework/container/providers.go:28.2,29.12 2 1
github.com/ngq/gorp/framework/container/runtime_helpers.go:29.62,31.2 1 1
github.com/ngq/gorp/framework/container/runtime_helpers.go:36.73,38.2 1 1
github.com/ngq/gorp/framework/container/runtime_helpers.go:43.73,45.2 1 1
github.com/ngq/gorp/framework/container/runtime_helpers.go:50.66,52.2 1 1
github.com/ngq/gorp/framework/container/runtime_helpers.go:57.62,59.2 1 1
github.com/ngq/gorp/framework/container/runtime_helpers.go:64.102,66.2 1 1
github.com/ngq/gorp/framework/container/runtime_helpers.go:71.104,73.2 1 1
github.com/ngq/gorp/framework/container/runtime_helpers.go:78.93,80.2 1 1
github.com/ngq/gorp/framework/container/runtime_helpers.go:85.98,87.2 1 1
github.com/ngq/gorp/framework/container/runtime_helpers.go:92.106,94.2 1 1
github.com/ngq/gorp/framework/container/runtime_helpers.go:99.74,101.2 1 1
github.com/ngq/gorp/framework/container/runtime_helpers.go:106.84,108.2 1 1
github.com/ngq/gorp/framework/container/runtime_helpers.go:113.81,115.2 1 1
github.com/ngq/gorp/framework/container/runtime_helpers.go:120.79,122.2 1 1
github.com/ngq/gorp/framework/container/runtime_helpers.go:127.74,129.2 1 1
github.com/ngq/gorp/framework/container/runtime_helpers.go:134.76,136.2 1 1
github.com/ngq/gorp/framework/container/runtime_helpers.go:141.88,143.16 2 1
github.com/ngq/gorp/framework/container/runtime_helpers.go:143.16,145.3 1 1
github.com/ngq/gorp/framework/container/runtime_helpers.go:146.2,146.30 1 1
github.com/ngq/gorp/framework/container/runtime_helpers.go:152.79,154.2 1 1
github.com/ngq/gorp/framework/container/runtime_helpers.go:159.59,161.2 1 1
github.com/ngq/gorp/framework/container/runtime_helpers.go:166.83,169.2 2 1
github.com/ngq/gorp/framework/container/runtime_helpers.go:174.71,176.2 1 1
github.com/ngq/gorp/framework/container/runtime_helpers.go:181.97,183.2 1 1
github.com/ngq/gorp/framework/container/runtime_helpers.go:188.99,190.2 1 1
github.com/ngq/gorp/framework/container/runtime_helpers.go:195.88,197.2 1 1
github.com/ngq/gorp/framework/container/runtime_helpers.go:202.93,204.2 1 1
github.com/ngq/gorp/framework/container/runtime_helpers.go:209.101,211.2 1 1
github.com/ngq/gorp/framework/container/runtime_helpers.go:216.76,218.2 1 1
github.com/ngq/gorp/framework/container/runtime_helpers.go:223.74,225.2 1 1
github.com/ngq/gorp/framework/container/runtime_helpers.go:230.70,232.2 1 1
github.com/ngq/gorp/framework/container/runtime_helpers.go:237.68,239.2 1 1
github.com/ngq/gorp/framework/container/runtime_helpers.go:244.37,245.28 1 1
github.com/ngq/gorp/framework/container/runtime_helpers.go:246.18,250.17 2 1
github.com/ngq/gorp/framework/container/runtime_helpers.go:250.17,252.4 1 0
github.com/ngq/gorp/framework/container/runtime_helpers.go:253.3,253.22 1 1
github.com/ngq/gorp/framework/container/runtime_helpers.go:254.15,255.19 1 1
github.com/ngq/gorp/framework/container/runtime_helpers.go:256.33,259.19 1 1
github.com/ngq/gorp/framework/container/runtime_helpers.go:260.10,263.13 1 1
github.com/ngq/gorp/framework/container/runtime_helpers.go:270.75,272.2 1 1
