mode: set
github.com/ngq/gorp/framework/contract/resilience/circuit_breaker.go:29.46,30.11 1 0
github.com/ngq/gorp/framework/contract/resilience/circuit_breaker.go:31.33,32.18 1 0
github.com/ngq/gorp/framework/contract/resilience/circuit_breaker.go:33.31,34.16 1 0
github.com/ngq/gorp/framework/contract/resilience/circuit_breaker.go:35.35,36.21 1 0
github.com/ngq/gorp/framework/contract/resilience/circuit_breaker.go:37.10,38.19 1 0
github.com/ngq/gorp/framework/contract/resilience/errors.go:55.70,63.2 1 1
github.com/ngq/gorp/framework/contract/resilience/errors.go:65.83,67.2 1 1
github.com/ngq/gorp/framework/contract/resilience/errors.go:69.62,71.2 1 1
github.com/ngq/gorp/framework/contract/resilience/errors.go:73.44,75.2 1 1
github.com/ngq/gorp/framework/contract/resilience/errors.go:77.41,79.2 1 1
github.com/ngq/gorp/framework/contract/resilience/errors.go:81.40,83.2 1 1
github.com/ngq/gorp/framework/contract/resilience/errors.go:85.40,87.2 1 1
github.com/ngq/gorp/framework/contract/resilience/errors.go:89.43,91.2 1 1
github.com/ngq/gorp/framework/contract/resilience/errors.go:93.45,95.2 1 1
github.com/ngq/gorp/framework/contract/resilience/errors.go:97.50,99.2 1 1
github.com/ngq/gorp/framework/contract/resilience/errors.go:101.39,103.2 1 1
github.com/ngq/gorp/framework/contract/resilience/errors.go:105.36,106.16 1 1
github.com/ngq/gorp/framework/contract/resilience/errors.go:106.16,108.3 1 1
github.com/ngq/gorp/framework/contract/resilience/errors.go:109.2,110.29 2 1
github.com/ngq/gorp/framework/contract/resilience/errors.go:110.29,112.3 1 1
github.com/ngq/gorp/framework/contract/resilience/errors.go:113.2,113.35 1 1
github.com/ngq/gorp/framework/contract/resilience/errors.go:116.26,117.16 1 1
github.com/ngq/gorp/framework/contract/resilience/errors.go:117.16,119.3 1 1
github.com/ngq/gorp/framework/contract/resilience/errors.go:120.2,121.19 2 1
github.com/ngq/gorp/framework/contract/resilience/errors.go:121.19,123.3 1 0
github.com/ngq/gorp/framework/contract/resilience/errors.go:124.2,124.37 1 1
github.com/ngq/gorp/framework/contract/resilience/errors.go:127.36,128.16 1 1
github.com/ngq/gorp/framework/contract/resilience/errors.go:128.16,130.3 1 1
github.com/ngq/gorp/framework/contract/resilience/errors.go:131.2,132.19 2 1
github.com/ngq/gorp/framework/contract/resilience/errors.go:132.19,134.3 1 0
github.com/ngq/gorp/framework/contract/resilience/errors.go:135.2,135.34 1 1
github.com/ngq/gorp/framework/contract/resilience/errors.go:138.37,139.16 1 1
github.com/ngq/gorp/framework/contract/resilience/errors.go:139.16,141.3 1 1
github.com/ngq/gorp/framework/contract/resilience/errors.go:142.2,143.19 2 1
github.com/ngq/gorp/framework/contract/resilience/errors.go:143.19,145.3 1 0
github.com/ngq/gorp/framework/contract/resilience/errors.go:146.2,146.35 1 1
github.com/ngq/gorp/framework/contract/resilience/errors.go:154.35,155.20 1 1
github.com/ngq/gorp/framework/contract/resilience/errors.go:155.20,157.3 1 1
github.com/ngq/gorp/framework/contract/resilience/errors.go:158.2,158.88 1 1
github.com/ngq/gorp/framework/contract/resilience/errors.go:161.35,161.53 1 1
github.com/ngq/gorp/framework/contract/resilience/errors.go:163.42,165.9 2 1
github.com/ngq/gorp/framework/contract/resilience/errors.go:165.9,167.3 1 0
github.com/ngq/gorp/framework/contract/resilience/errors.go:168.2,168.49 1 1
github.com/ngq/gorp/framework/contract/resilience/errors.go:171.40,171.59 1 1
github.com/ngq/gorp/framework/contract/resilience/errors.go:173.52,183.2 1 1
github.com/ngq/gorp/framework/contract/resilience/errors.go:185.64,187.31 2 1
github.com/ngq/gorp/framework/contract/resilience/errors.go:187.31,189.3 1 1
github.com/ngq/gorp/framework/contract/resilience/errors.go:190.2,190.23 1 1
github.com/ngq/gorp/framework/contract/resilience/errors.go:190.23,192.3 1 1
github.com/ngq/gorp/framework/contract/resilience/errors.go:193.2,201.3 1 1
github.com/ngq/gorp/framework/contract/resilience/errors.go:204.37,204.51 1 1
github.com/ngq/gorp/framework/contract/resilience/governance_defaults.go:35.76,44.14 2 1
github.com/ngq/gorp/framework/contract/resilience/governance_defaults.go:45.34,53.27 6 1
github.com/ngq/gorp/framework/contract/resilience/governance_defaults.go:54.30,59.14 1 1
github.com/ngq/gorp/framework/contract/resilience/governance_defaults.go:60.30,61.14 1 1
github.com/ngq/gorp/framework/contract/resilience/governance_defaults.go:62.10,63.61 1 0
github.com/ngq/gorp/framework/contract/resilience/governance_defaults.go:66.2,66.13 1 1
github.com/ngq/gorp/framework/contract/resilience/load_shedder.go:50.76,51.14 1 0
github.com/ngq/gorp/framework/contract/resilience/load_shedder.go:51.14,53.3 1 0
github.com/ngq/gorp/framework/contract/resilience/load_shedder.go:54.2,54.52 1 0
github.com/ngq/gorp/framework/contract/resilience/load_shedder.go:54.52,56.3 1 0
github.com/ngq/gorp/framework/contract/resilience/load_shedder.go:57.2,57.24 1 0
github.com/ngq/gorp/framework/contract/resilience/retry.go:48.39,57.2 1 0
github.com/ngq/gorp/framework/contract/resilience/retry.go:72.62,73.52 1 0
github.com/ngq/gorp/framework/contract/resilience/retry.go:73.52,75.3 1 0
github.com/ngq/gorp/framework/contract/resilience/retry.go:76.2,76.24 1 0
github.com/ngq/gorp/framework/contract/resilience/retry.go:82.81,84.31 2 0
github.com/ngq/gorp/framework/contract/resilience/retry.go:84.31,86.3 1 0
github.com/ngq/gorp/framework/contract/resilience/retry.go:87.2,87.33 1 0
github.com/ngq/gorp/framework/contract/resilience/retry.go:87.33,91.3 1 0
github.com/ngq/gorp/framework/contract/resilience/retry.go:92.2,93.29 2 0
