mode: set
nop-go/services/order/internal/biz/order.go:97.58,99.2 1 1
nop-go/services/order/internal/biz/order.go:104.83,111.51 5 1
nop-go/services/order/internal/biz/order.go:111.51,113.3 1 0
nop-go/services/order/internal/biz/order.go:114.2,114.19 1 1
nop-go/services/order/internal/biz/order.go:118.79,120.2 1 1
nop-go/services/order/internal/biz/order.go:125.105,127.2 1 1
nop-go/services/order/internal/biz/order.go:132.73,134.16 2 1
nop-go/services/order/internal/biz/order.go:134.16,136.3 1 1
nop-go/services/order/internal/biz/order.go:138.2,138.63 1 1
nop-go/services/order/internal/biz/order.go:138.63,140.3 1 1
nop-go/services/order/internal/biz/order.go:141.2,141.51 1 1
nop-go/services/order/internal/biz/order.go:147.73,149.16 2 1
nop-go/services/order/internal/biz/order.go:149.16,151.3 1 1
nop-go/services/order/internal/biz/order.go:153.2,153.65 1 1
nop-go/services/order/internal/biz/order.go:153.65,155.3 1 1
nop-go/services/order/internal/biz/order.go:156.2,156.50 1 1
nop-go/services/order/internal/biz/order.go:160.68,162.2 1 1
nop-go/services/order/internal/biz/order.go:165.96,167.2 1 1
nop-go/services/order/internal/biz/order.go:170.103,172.2 1 1
nop-go/services/order/internal/biz/order.go:177.84,179.16 2 1
nop-go/services/order/internal/biz/order.go:179.16,181.3 1 1
nop-go/services/order/internal/biz/order.go:183.2,193.33 2 1
nop-go/services/order/internal/biz/order.go:199.75,201.16 2 1
nop-go/services/order/internal/biz/order.go:201.16,203.3 1 1
nop-go/services/order/internal/biz/order.go:204.2,204.31 1 1
nop-go/services/order/internal/biz/order.go:204.31,206.3 1 1
nop-go/services/order/internal/biz/order.go:208.2,208.12 1 1
nop-go/services/order/internal/biz/order.go:214.85,216.16 2 1
nop-go/services/order/internal/biz/order.go:216.16,218.3 1 1
nop-go/services/order/internal/biz/order.go:220.2,221.82 2 1
nop-go/services/order/internal/biz/order.go:261.55,263.2 1 1
nop-go/services/order/internal/biz/order.go:266.95,268.2 1 1
nop-go/services/order/internal/biz/order.go:271.85,275.2 3 1
nop-go/services/order/internal/biz/order.go:278.85,280.2 1 1
nop-go/services/order/internal/biz/order.go:285.95,290.2 3 1
nop-go/services/order/internal/biz/order.go:295.99,300.2 3 1
nop-go/services/order/internal/biz/order.go:305.74,307.2 1 1
nop-go/services/order/internal/biz/order.go:338.67,340.2 1 1
nop-go/services/order/internal/biz/order.go:343.99,345.2 1 1
nop-go/services/order/internal/biz/order.go:348.89,351.2 2 1
nop-go/services/order/internal/biz/order.go:385.82,387.2 1 1
nop-go/services/order/internal/biz/order.go:392.104,396.48 4 1
nop-go/services/order/internal/biz/order.go:396.48,398.3 1 0
nop-go/services/order/internal/biz/order.go:399.2,399.16 1 1
nop-go/services/order/internal/biz/order.go:403.121,405.2 1 1
